🚀 Starting Android Emulator (VNC mode, proper GPU=guest order)...
[0;39mINFO         | Android emulator version 36.2.12.0 (build_id 14214601) (CL:N/A)
[0;39m[0;39mINFO         | Graphics backend: gfxstream
[0;39m[0;39mDEBUG   | Current emulator version 36.2.12 is the same as the required version 36.2.12.
[0;39m[0;39mINFO         | Found AVD name 'test'
[0;39m[0;39mINFO         | Found AVD target architecture: x86_64
[0;39m[0;39mINFO         | argv[0]: 'emulator'; program directory: '/opt/android-sdk/emulator'
[0;39m[0;39mINFO         | Found systemPath /opt/android-sdk/system-images/android-33/google_apis/x86_64/
[0;39m[0;39mINFO         | emuDirName: '/opt/android-sdk/emulator'
[0;39m[0;39mINFO         | try dir /opt/android-sdk/emulator
[0;39m[0;39mINFO         | Trying emulator path '/opt/android-sdk/emulator/qemu/linux-x86_64/qemu-system-x86_64-headless'
[0;39m[0;39mINFO         | Found target-specific 64-bit emulator binary: /opt/android-sdk/emulator/qemu/linux-x86_64/qemu-system-x86_64-headless
[0;39m[0;39mINFO         | Adding library search path: '/opt/android-sdk/emulator/lib64'
[0;39m[0;39mINFO         | Adding library search path: '/opt/android-sdk/emulator/lib64/gles_swiftshader'
[0;39m[0;39mINFO         | Adding library search path: '/opt/android-sdk/emulator/lib64/vulkan'
[0;39m[0;39mINFO         | Adding library search path: '/opt/android-sdk/emulator/lib64/libstdc++'
[0;39m[0;39mDEBUG   | emulator: Running :/opt/android-sdk/emulator/qemu/linux-x86_64/qemu-system-x86_64-headless
[0;39m[0;39mDEBUG   | qemu backend: argv[00] = "/opt/android-sdk/emulator/qemu/linux-x86_64/qemu-system-x86_64-headless"
[0;39m[0;39mDEBUG   | qemu backend: argv[01] = "-avd"
[0;39m[0;39mDEBUG   | qemu backend: argv[02] = "test"
[0;39m[0;39mDEBUG   | qemu backend: argv[03] = "-no-window"
[0;39m[0;39mDEBUG   | qemu backend: argv[04] = "-no-snapshot-save"
[0;39m[0;39mDEBUG   | qemu backend: argv[05] = "-gpu"
[0;39m[0;39mDEBUG   | qemu backend: argv[06] = "guest"
[0;39m[0;39mDEBUG   | qemu backend: argv[07] = "-verbose"
[0;39m[0;39mDEBUG   | qemu backend: argv[08] = "-qemu"
[0;39m[0;39mDEBUG   | qemu backend: argv[09] = "-vnc"
[0;39m[0;39mDEBUG   | qemu backend: argv[10] = ":1"
[0;39m[0;39mDEBUG   | Concatenated backend parameters:  /opt/android-sdk/emulator/qemu/linux-x86_64/qemu-system-x86_64-headless -avd test -no-window -no-snapshot-save -gpu guest -verbose -qemu -vnc :1
[0;39mDEBUG   | autoconfig: -skin 320x640
[0;39m[0;39mDEBUG   | autoconfig: -skindir (null)
[0;39m[0;39mDEBUG   | init, loading /opt/android-sdk/emulator/lib/advancedFeatures.ini
[0;39m[0;39mDEBUG   | autoconfig: -kernel /opt/android-sdk/system-images/android-33/google_apis/x86_64//kernel-ranchu
[0;39m[0;39mDEBUG   | Target arch = 'x86_64'
[0;39m[0;39mDEBUG   | Auto-detect: Kernel image requires new device naming scheme.
[0;39m[0;39mDEBUG   | Auto-detect: Kernel does not support YAFFS2 partitions.
[0;39m[0;39mDEBUG   | autoconfig: -ramdisk /opt/android-sdk/system-images/android-33/google_apis/x86_64//ramdisk.img
[0;39m[0;39mDEBUG   | Using initial system image: /opt/android-sdk/system-images/android-33/google_apis/x86_64//system.img
[0;39m[0;39mDEBUG   | Using initial vendor image: /opt/android-sdk/system-images/android-33/google_apis/x86_64//vendor.img
[0;39m[0;39mDEBUG   | autoconfig: -initdata /root/.android/avd/../avd/test.avd/userdata.img
[0;39m[0;39mDEBUG   | autoconfig: -cache /root/.android/avd/../avd/test.avd/cache.img
[0;39m[0;39mINFO         | Increasing RAM size to 2048MB
[0;39m[0;39mDEBUG   | VM heap size 0MB is below hardware specified minimum of 512MB,setting it to that value
[0;39m[0;39mDEBUG   | System image is read only
[0;39m[0;39mDEBUG   | Found 1 DNS servers:
[0;39m[0;39mDEBUG   | 	172.17.0.1
[0;39m##############################################################################
##                        WARNING - ACTION REQUIRED                         ##
##  Consider using the '-metrics-collection' flag to help improve the       ##
##  emulator by sending anonymized usage data. Or use the '-no-metrics'     ##
##  flag to bypass this warning and turn off the metrics collection.        ##
##  In a future release this warning will turn into a one-time blocking     ##
##  prompt to ask for explicit user input regarding metrics collection.     ##
##                                                                          ##
##  Please see '-help-metrics-collection' for more details. You can use     ##
##  '-metrics-to-file' or '-metrics-to-console' flags to see what type of   ##
##  data is being collected by emulator as part of usage statistics.        ##
##############################################################################
[0;39mINFO         | Guest GLES Driver: Auto (ext controls)
[0;39m[33mWARNING      | Your AVD has been configured with an in-guest renderer, but the system image does not support guest rendering.Falling back to 'swiftshader_indirect' mode.
[0;39m[0;39mDEBUG   | emuglConfig_init: denylisted=0 has_guest_renderer=1, mode: auto, option: swiftshader_indirect

[0;39mlibrary_mode swiftshader_indirect gpu mode swiftshader_indirect
[0;39mDEBUG   | setCurrentRenderer: swiftshader_indirect Swiftshader Indirect
[0;39m[0;39mDEBUG   | emuglConfig_init: GPU emulation enabled using 'swiftshader_indirect' mode

[0;39m[0;39mDEBUG   | GPU emulation enabled using 'swiftshader_indirect' mode
[0;39m[0;39mDEBUG   | Adding to the library search path: /opt/android-sdk/emulator/lib64/gles_swiftshader

[0;39m[0;39mINFO         | Checking system compatibility:
[0;39m[0;39mINFO         |   Checking: hasSufficientDiskSpace
[0;39m[0;39mINFO         |      Ok: Disk space requirements to run avd: `test` are met
[0;39m[0;39mINFO         |   Checking: hasSufficientHwGpu
[0;39m[0;39mINFO         |      Ok: Hardware GPU compatibility checks are not required
[0;39m[0;39mINFO         |   Checking: hasSufficientSystem
[0;39m[0;39mINFO         |      Ok: System requirements to run avd: `test` are met
[0;39m[0;39mDEBUG   | Starting hostapd main loop.
[0;39m[0;39mDEBUG   | found magic skin width=320 height=640 bpp=16

[0;39m[33mWARNING      | File System is not ext4, disable QuickbootFileBacked feature
[0;39m[0;39mDEBUG   | Creating ext4 userdata partition: /root/.android/avd/../avd/test.avd/data
[0;39m[0;39mDEBUG   | path_copy_file: source file is un-readable: /root/.android/adbkey.pub

[0;39m[0;39mDEBUG   | path_copy_file: source file is un-readable: /root/.android/adbkey

[0;39m[0;39mDEBUG   | generate_key(/root/.android/adbkey)...
[0;39m[0;39mDEBUG   | Fall back to adbkey /root/.android/adbkey successfully
[0;39mCreating filesystem with parameters:
    Size: 6442450944
    Block size: 4096
    Blocks per group: 32768
    Inodes per group: 8192
    Inode size: 256
    Journal blocks: 24576
    Label: 
    Blocks: 1572864
    Block groups: 48
    Reserved block group size: 383
Created filesystem with 31/393216 inodes and 52359/1572864 blocks
[0;39mDEBUG   | convert img from ext4 /root/.android/avd/../avd/test.avd/userdata-qemu.img to qcow2 image /root/.android/avd/../avd/test.avd/userdata-qemu.img.tmp.qcow2  succeeded, using 180 mini seconds
[0;39m[0;39mDEBUG   | Creating empty ext4 cache partition: /root/.android/avd/../avd/test.avd/cache.img
[0;39mCreating filesystem with parameters:
    Size: 69206016
    Block size: 4096
    Blocks per group: 32768
    Inodes per group: 4224
    Inode size: 256
    Journal blocks: 1024
    Label: 
    Blocks: 16896
    Block groups: 1
    Reserved block group size: 7
Created filesystem with 11/4224 inodes and 1302/16896 blocks
[0;39mDEBUG   | CPU Acceleration: working
[0;39m[0;39mDEBUG   | CPU Acceleration status: KVM (version 12) is installed and usable.
[0;39m[0;39mDEBUG   | handleCpuAcceleration: feature check for hvf
[0;39m[0;39mDEBUG   | Bluetooth requested by guest
[0;39m[33mWARNING      | could not find /etc/localtime or /usr/share/zoneinfo/localtime. unable to determine host timezone
[0;39m[0;39mDEBUG   | started modem simulator host server at port: 34101
[0;39m[0;39mDEBUG   | Path:/opt/android-sdk/platform-tools/adb protocol version: 41
[0;39m[0;39mDEBUG   | Path:/opt/android-sdk/platform-tools/adb protocol version: 41
[0;39m[0;39mDEBUG   | Path:/opt/android-sdk/platform-tools/adb protocol version: 41
[0;39m[0;39mDEBUG   | Found: 3 adb executables
[0;39m[0;39mDEBUG   | Adb: /opt/android-sdk/platform-tools/adb
[0;39m[0;39mDEBUG   | Adb: /opt/android-sdk/platform-tools/adb
[0;39m[0;39mDEBUG   | Adb: /opt/android-sdk/platform-tools/adb
[0;39m[0;39mDEBUG   | Path:/opt/android-sdk/platform-tools/adb protocol version: 41
[0;39m[0;39mDEBUG   | Path:/opt/android-sdk/platform-tools/adb protocol version: 41
[0;39m[0;39mDEBUG   | Path:/opt/android-sdk/platform-tools/adb protocol version: 41
[0;39m[31mERROR        | Unable to connect to adb daemon on port: 5037
[0;39m[0;39mINFO         | Storing crashdata in: /tmp/android-unknown/emu-crash-36.2.12.db, detection is enabled for process: 1
[0;39m[0;39mINFO         | Initializing hardware OpenGLES emulation support
[0;39m[0;39mINFO         | android_startOpenglesRenderer: gpu info
[0;39m[0;39mINFO         | 
[0;39m[0;39mDEBUG   | gfxstreamFeature:GlPipeChecksum = 1
[0;39m[0;39mDEBUG   | gfxstreamFeature:Vulkan = 1
[0;39m[0;39mDEBUG   | gfxstreamFeature:HasSharedSlotsHostMemoryAllocator = 1
[0;39m[0;39mDEBUG   | gfxstreamFeature:VulkanSnapshots = 0
[0;39m[0;39mDEBUG   | gfxstreamFeature:NoDelayCloseColorBuffer = 0
[0;39m[0;39mDEBUG   | gfxstreamFeature:VirtioGpuNativeSync = 0
[0;39m[0;39mDEBUG   | gfxstreamFeature:VulkanShaderFloat16Int8 = 1
[0;39m[0;39mDEBUG   | gfxstreamFeature:NativeTextureDecompression = 0
[0;39m[0;39mDEBUG   | gfxstreamFeature:VulkanNativeSwapchain = 0
[0;39m[0;39mDEBUG   | gfxstreamFeature:VirtioGpuFenceContexts = 0
[0;39m[0;39mDEBUG   | gfxstreamFeature:AsyncComposeSupport = 0
[0;39m[0;39mDEBUG   | gfxstreamFeature:ExternalBlob = 0
[0;39m[0;39mDEBUG   | gfxstreamFeature:SystemBlob = 0
[0;39m[0;39mDEBUG   | gfxstreamFeature:GrallocSync = 0
[0;39m[0;39mDEBUG   | gfxstreamFeature:GlAsyncSwap = 1
[0;39m[0;39mDEBUG   | gfxstreamFeature:GlDma = 1
[0;39m[0;39mDEBUG   | gfxstreamFeature:GlDma2 = 0
[0;39m[0;39mDEBUG   | gfxstreamFeature:GlDirectMem = 1
[0;39m[0;39mDEBUG   | gfxstreamFeature:GlesDynamicVersion = 1
[0;39m[0;39mDEBUG   | gfxstreamFeature:PlayStoreImage = 0
[0;39m[0;39mDEBUG   | gfxstreamFeature:RefCountPipe = 1
[0;39m[0;39mDEBUG   | gfxstreamFeature:HostComposition = 1
[0;39m[0;39mDEBUG   | gfxstreamFeature:VulkanNullOptionalStrings = 1
[0;39m[0;39mDEBUG   | gfxstreamFeature:Yuv420888ToNv21 = 0
[0;39m[0;39mDEBUG   | gfxstreamFeature:YuvCache = 1
[0;39m[0;39mDEBUG   | gfxstreamFeature:VulkanIgnoredHandles = 1
[0;39m[0;39mDEBUG   | gfxstreamFeature:VirtioGpuNext = 0
[0;39m[0;39mDEBUG   | gfxstreamFeature:VulkanQueueSubmitWithCommands = 1
[0;39m[0;39mDEBUG   | gfxstreamFeature:VulkanBatchedDescriptorSetUpdate = 0
[0;39m[0;39mDEBUG   | gfxstreamFeature:Minigbm = 0
[0;39m[0;39mDEBUG   | gfxstreamFeature:HwcMultiConfigs = 1
[0;39m[0;39mDEBUG   | gfxstreamFeature:VulkanAllocateDeviceMemoryOnly = 0
[0;39m[0;39mDEBUG   | gfxstreamFeature:VulkanAllocateHostMemory = 0
[0;39m[0;39mDEBUG   | gfxstreamFeature:GuestVulkanOnly = 0
[0;39m[0;39mDEBUG   | gfxstreamFeature:BypassVulkanDeviceFeatureOverrides = 0
[0;39m[0;39mDEBUG   | gfxstreamFeature:VulkanDebugUtils = 0
[0;39m[0;39mDEBUG   | gfxstreamFeature:VulkanCommandBufferCheckpoints = 0
[0;39m[0;39mDEBUG   | gfxstreamFeature:VulkanVirtualQueue = 1
[0;39m[0;39mDEBUG   | gfxstreamFeature:VulkanRobustness = 0
[0;39m[0;39mDEBUG   | RenderWindow: CMD_INITIALIZE w=320 h=640
[0;39m[0;39mDEBUG   | FrameBuffer::initialize()
[0;39m[0;39mDEBUG   | FrameBuffer::Impl::initialize
[0;39m[0;39mINFO         | HealthMonitor disabled.
[0;39m[0;39mDEBUG   | create display 0
[0;39m[0;39mDEBUG   | setDisplayPose 0 x 0 y 0 w 320 h 640 dpi 0
[0;39m[0;39mINFO         | initIcdPaths: ICD set to 'swiftshader', using Swiftshader ICD
[0;39m[0;39mINFO         | Setting ICD filenames for the loader = /opt/android-sdk/emulator/lib64/vulkan/vk_swiftshader_icd.json
[0;39m[0;39mINFO         | SharedLibrary::open for [/opt/android-sdk/emulator/qemu/linux-x86_64/lib64/vulkan/libvulkan.so]
[0;39m[0;39mINFO         | SharedLibrary::open for [/opt/android-sdk/emulator/qemu/linux-x86_64/lib64/vulkan/libvulkan.so]: not found in map, open for the first time
[0;39m[0;39mINFO         | SharedLibrary::open for [/opt/android-sdk/emulator/qemu/linux-x86_64/lib64/vulkan/libvulkan.so] (posix): begin
[0;39m[0;39mINFO         | SharedLibrary::open for [/opt/android-sdk/emulator/qemu/linux-x86_64/lib64/vulkan/libvulkan.so] (posix,linux): call dlopen on [/opt/android-sdk/emulator/qemu/linux-x86_64/lib64/vulkan/libvulkan.so]
[0;39m[0;39mINFO         | SharedLibrary::open for [/opt/android-sdk/emulator/qemu/linux-x86_64/lib64/vulkan/libvulkan.so] failed (posix). dlerror: []
[0;39m[0;39mDEBUG   | Library cannot be added: /opt/android-sdk/emulator/qemu/linux-x86_64/lib64/vulkan/libvulkan.so
[0;39m[0;39mINFO         | SharedLibrary::open for [/opt/android-sdk/emulator/qemu/linux-x86_64/lib64/vulkan/libvulkan.so.1]
[0;39m[0;39mINFO         | SharedLibrary::open for [/opt/android-sdk/emulator/qemu/linux-x86_64/lib64/vulkan/libvulkan.so.1]: not found in map, open for the first time
[0;39m[0;39mINFO         | SharedLibrary::open for [/opt/android-sdk/emulator/qemu/linux-x86_64/lib64/vulkan/libvulkan.so.1] (posix): begin
[0;39m[0;39mINFO         | SharedLibrary::open for [/opt/android-sdk/emulator/qemu/linux-x86_64/lib64/vulkan/libvulkan.so.1] (posix,linux): call dlopen on [/opt/android-sdk/emulator/qemu/linux-x86_64/lib64/vulkan/libvulkan.so.1]
[0;39m[0;39mINFO         | SharedLibrary::open for [/opt/android-sdk/emulator/qemu/linux-x86_64/lib64/vulkan/libvulkan.so.1] failed (posix). dlerror: []
[0;39m[0;39mDEBUG   | Library cannot be added: /opt/android-sdk/emulator/qemu/linux-x86_64/lib64/vulkan/libvulkan.so.1
[0;39m[0;39mINFO         | SharedLibrary::open for [/opt/android-sdk/emulator/lib64/vulkan/libvulkan.so]
[0;39m[0;39mINFO         | SharedLibrary::open for [/opt/android-sdk/emulator/lib64/vulkan/libvulkan.so]: not found in map, open for the first time
[0;39m[0;39mINFO         | SharedLibrary::open for [/opt/android-sdk/emulator/lib64/vulkan/libvulkan.so] (posix): begin
[0;39m[0;39mINFO         | SharedLibrary::open for [/opt/android-sdk/emulator/lib64/vulkan/libvulkan.so] (posix,linux): call dlopen on [/opt/android-sdk/emulator/lib64/vulkan/libvulkan.so]
[0;39m[0;39mINFO         | SharedLibrary::open succeeded for [/opt/android-sdk/emulator/lib64/vulkan/libvulkan.so].
[0;39m[0;39mINFO         | Added library: /opt/android-sdk/emulator/lib64/vulkan/libvulkan.so
[0;39m[0;39mDEBUG   | global loader has vkEnumerateInstanceVersion.
[0;39m[0;39mDEBUG   | global loader has vkEnumerateInstanceVersion returning >= 1.1.
[0;39m[0;39mDEBUG   | Creating instance, asking for version 1.1.0 ...
[0;39m[0;39mDEBUG   | Found 1 Vulkan physical devices.
[0;39m[0;39mDEBUG   | Considering Vulkan physical device 0 : SwiftShader Device (Subzero)
[0;39m[0;39mDEBUG   | VK_EXT_external_memory_dma_buf not found, bailing.
[0;39m[0;39mDEBUG   | VK_NV_device_diagnostic_checkpoints not found, bailing.
[0;39m[0;39mDEBUG   | VK_EXT_robustness2 not found, bailing.
[0;39m[0;39mDEBUG   | Graphics queue family index: 0
[0;39m[0;39mDEBUG   | Compute queue family index: 0
[0;39m[0;39mDEBUG   | Not Supported: VK_FORMAT_R8G8B8A8_UNORM VK_IMAGE_TYPE_2D VK_IMAGE_TILING_LINEAR VK_IMAGE_USAGE_COLOR_ATTACHMENT_BIT
[0;39m[0;39mDEBUG   | Not Supported: VK_FORMAT_R8G8B8A8_UNORM VK_IMAGE_TYPE_2D VK_IMAGE_TILING_LINEAR VK_IMAGE_USAGE_INPUT_ATTACHMENT_BIT
[0;39m[0;39mDEBUG   | Supported: VK_FORMAT_R8G8B8A8_UNORM VK_IMAGE_TYPE_2D VK_IMAGE_TILING_LINEAR VK_IMAGE_USAGE_SAMPLED_BIT, supportsExternalMemory? 1, requiresDedicated? 0
[0;39m[0;39mDEBUG   | Supported: VK_FORMAT_R8G8B8A8_UNORM VK_IMAGE_TYPE_2D VK_IMAGE_TILING_LINEAR VK_IMAGE_USAGE_TRANSFER_SRC_BIT, supportsExternalMemory? 1, requiresDedicated? 0
[0;39m[0;39mDEBUG   | Supported: VK_FORMAT_R8G8B8A8_UNORM VK_IMAGE_TYPE_2D VK_IMAGE_TILING_LINEAR VK_IMAGE_USAGE_TRANSFER_DST_BIT, supportsExternalMemory? 1, requiresDedicated? 0
[0;39m[0;39mDEBUG   | Supported: VK_FORMAT_R8G8B8A8_UNORM VK_IMAGE_TYPE_2D VK_IMAGE_TILING_OPTIMAL VK_IMAGE_USAGE_COLOR_ATTACHMENT_BIT, supportsExternalMemory? 1, requiresDedicated? 0
[0;39m[0;39mDEBUG   | Supported: VK_FORMAT_R8G8B8A8_UNORM VK_IMAGE_TYPE_2D VK_IMAGE_TILING_OPTIMAL VK_IMAGE_USAGE_INPUT_ATTACHMENT_BIT, supportsExternalMemory? 1, requiresDedicated? 0
[0;39m[0;39mDEBUG   | Supported: VK_FORMAT_R8G8B8A8_UNORM VK_IMAGE_TYPE_2D VK_IMAGE_TILING_OPTIMAL VK_IMAGE_USAGE_SAMPLED_BIT, supportsExternalMemory? 1, requiresDedicated? 0
[0;39m[0;39mDEBUG   | Supported: VK_FORMAT_R8G8B8A8_UNORM VK_IMAGE_TYPE_2D VK_IMAGE_TILING_OPTIMAL VK_IMAGE_USAGE_TRANSFER_SRC_BIT, supportsExternalMemory? 1, requiresDedicated? 0
[0;39m[0;39mDEBUG   | Supported: VK_FORMAT_R8G8B8A8_UNORM VK_IMAGE_TYPE_2D VK_IMAGE_TILING_OPTIMAL VK_IMAGE_USAGE_TRANSFER_DST_BIT, supportsExternalMemory? 1, requiresDedicated? 0
[0;39m[0;39mDEBUG   | Not Supported: VK_FORMAT_R8G8B8_UNORM VK_IMAGE_TYPE_2D VK_IMAGE_TILING_LINEAR VK_IMAGE_USAGE_COLOR_ATTACHMENT_BIT
[0;39m[0;39mDEBUG   | Not Supported: VK_FORMAT_R8G8B8_UNORM VK_IMAGE_TYPE_2D VK_IMAGE_TILING_LINEAR VK_IMAGE_USAGE_INPUT_ATTACHMENT_BIT
[0;39m[0;39mDEBUG   | Not Supported: VK_FORMAT_R8G8B8_UNORM VK_IMAGE_TYPE_2D VK_IMAGE_TILING_LINEAR VK_IMAGE_USAGE_SAMPLED_BIT
[0;39m[0;39mDEBUG   | Not Supported: VK_FORMAT_R8G8B8_UNORM VK_IMAGE_TYPE_2D VK_IMAGE_TILING_LINEAR VK_IMAGE_USAGE_TRANSFER_SRC_BIT
[0;39m[0;39mDEBUG   | Not Supported: VK_FORMAT_R8G8B8_UNORM VK_IMAGE_TYPE_2D VK_IMAGE_TILING_LINEAR VK_IMAGE_USAGE_TRANSFER_DST_BIT
[0;39m[0;39mDEBUG   | Not Supported: VK_FORMAT_R8G8B8_UNORM VK_IMAGE_TYPE_2D VK_IMAGE_TILING_OPTIMAL VK_IMAGE_USAGE_COLOR_ATTACHMENT_BIT
[0;39m[0;39mDEBUG   | Not Supported: VK_FORMAT_R8G8B8_UNORM VK_IMAGE_TYPE_2D VK_IMAGE_TILING_OPTIMAL VK_IMAGE_USAGE_INPUT_ATTACHMENT_BIT
[0;39m[0;39mDEBUG   | Not Supported: VK_FORMAT_R8G8B8_UNORM VK_IMAGE_TYPE_2D VK_IMAGE_TILING_OPTIMAL VK_IMAGE_USAGE_SAMPLED_BIT
[0;39m[0;39mDEBUG   | Not Supported: VK_FORMAT_R8G8B8_UNORM VK_IMAGE_TYPE_2D VK_IMAGE_TILING_OPTIMAL VK_IMAGE_USAGE_TRANSFER_SRC_BIT
[0;39m[0;39mDEBUG   | Not Supported: VK_FORMAT_R8G8B8_UNORM VK_IMAGE_TYPE_2D VK_IMAGE_TILING_OPTIMAL VK_IMAGE_USAGE_TRANSFER_DST_BIT
[0;39m[0;39mDEBUG   | Not Supported: VK_FORMAT_R5G6B5_UNORM_PACK16 VK_IMAGE_TYPE_2D VK_IMAGE_TILING_LINEAR VK_IMAGE_USAGE_COLOR_ATTACHMENT_BIT
[0;39m[0;39mDEBUG   | Not Supported: VK_FORMAT_R5G6B5_UNORM_PACK16 VK_IMAGE_TYPE_2D VK_IMAGE_TILING_LINEAR VK_IMAGE_USAGE_INPUT_ATTACHMENT_BIT
[0;39m[0;39mDEBUG   | Supported: VK_FORMAT_R5G6B5_UNORM_PACK16 VK_IMAGE_TYPE_2D VK_IMAGE_TILING_LINEAR VK_IMAGE_USAGE_SAMPLED_BIT, supportsExternalMemory? 1, requiresDedicated? 0
[0;39m[0;39mDEBUG   | Supported: VK_FORMAT_R5G6B5_UNORM_PACK16 VK_IMAGE_TYPE_2D VK_IMAGE_TILING_LINEAR VK_IMAGE_USAGE_TRANSFER_SRC_BIT, supportsExternalMemory? 1, requiresDedicated? 0
[0;39m[0;39mDEBUG   | Supported: VK_FORMAT_R5G6B5_UNORM_PACK16 VK_IMAGE_TYPE_2D VK_IMAGE_TILING_LINEAR VK_IMAGE_USAGE_TRANSFER_DST_BIT, supportsExternalMemory? 1, requiresDedicated? 0
[0;39m[0;39mDEBUG   | Supported: VK_FORMAT_R5G6B5_UNORM_PACK16 VK_IMAGE_TYPE_2D VK_IMAGE_TILING_OPTIMAL VK_IMAGE_USAGE_COLOR_ATTACHMENT_BIT, supportsExternalMemory? 1, requiresDedicated? 0
[0;39m[0;39mDEBUG   | Supported: VK_FORMAT_R5G6B5_UNORM_PACK16 VK_IMAGE_TYPE_2D VK_IMAGE_TILING_OPTIMAL VK_IMAGE_USAGE_INPUT_ATTACHMENT_BIT, supportsExternalMemory? 1, requiresDedicated? 0
[0;39m[0;39mDEBUG   | Supported: VK_FORMAT_R5G6B5_UNORM_PACK16 VK_IMAGE_TYPE_2D VK_IMAGE_TILING_OPTIMAL VK_IMAGE_USAGE_SAMPLED_BIT, supportsExternalMemory? 1, requiresDedicated? 0
[0;39m[0;39mDEBUG   | Supported: VK_FORMAT_R5G6B5_UNORM_PACK16 VK_IMAGE_TYPE_2D VK_IMAGE_TILING_OPTIMAL VK_IMAGE_USAGE_TRANSFER_SRC_BIT, supportsExternalMemory? 1, requiresDedicated? 0
[0;39m[0;39mDEBUG   | Supported: VK_FORMAT_R5G6B5_UNORM_PACK16 VK_IMAGE_TYPE_2D VK_IMAGE_TILING_OPTIMAL VK_IMAGE_USAGE_TRANSFER_DST_BIT, supportsExternalMemory? 1, requiresDedicated? 0
[0;39m[0;39mDEBUG   | Not Supported: VK_FORMAT_A1R5G5B5_UNORM_PACK16 VK_IMAGE_TYPE_2D VK_IMAGE_TILING_LINEAR VK_IMAGE_USAGE_COLOR_ATTACHMENT_BIT
[0;39m[0;39mDEBUG   | Not Supported: VK_FORMAT_A1R5G5B5_UNORM_PACK16 VK_IMAGE_TYPE_2D VK_IMAGE_TILING_LINEAR VK_IMAGE_USAGE_INPUT_ATTACHMENT_BIT
[0;39m[0;39mDEBUG   | Supported: VK_FORMAT_A1R5G5B5_UNORM_PACK16 VK_IMAGE_TYPE_2D VK_IMAGE_TILING_LINEAR VK_IMAGE_USAGE_SAMPLED_BIT, supportsExternalMemory? 1, requiresDedicated? 0
[0;39m[0;39mDEBUG   | Supported: VK_FORMAT_A1R5G5B5_UNORM_PACK16 VK_IMAGE_TYPE_2D VK_IMAGE_TILING_LINEAR VK_IMAGE_USAGE_TRANSFER_SRC_BIT, supportsExternalMemory? 1, requiresDedicated? 0
[0;39m[0;39mDEBUG   | Supported: VK_FORMAT_A1R5G5B5_UNORM_PACK16 VK_IMAGE_TYPE_2D VK_IMAGE_TILING_LINEAR VK_IMAGE_USAGE_TRANSFER_DST_BIT, supportsExternalMemory? 1, requiresDedicated? 0
[0;39m[0;39mDEBUG   | Supported: VK_FORMAT_A1R5G5B5_UNORM_PACK16 VK_IMAGE_TYPE_2D VK_IMAGE_TILING_OPTIMAL VK_IMAGE_USAGE_COLOR_ATTACHMENT_BIT, supportsExternalMemory? 1, requiresDedicated? 0
[0;39m[0;39mDEBUG   | Supported: VK_FORMAT_A1R5G5B5_UNORM_PACK16 VK_IMAGE_TYPE_2D VK_IMAGE_TILING_OPTIMAL VK_IMAGE_USAGE_INPUT_ATTACHMENT_BIT, supportsExternalMemory? 1, requiresDedicated? 0
[0;39m[0;39mDEBUG   | Supported: VK_FORMAT_A1R5G5B5_UNORM_PACK16 VK_IMAGE_TYPE_2D VK_IMAGE_TILING_OPTIMAL VK_IMAGE_USAGE_SAMPLED_BIT, supportsExternalMemory? 1, requiresDedicated? 0
[0;39m[0;39mDEBUG   | Supported: VK_FORMAT_A1R5G5B5_UNORM_PACK16 VK_IMAGE_TYPE_2D VK_IMAGE_TILING_OPTIMAL VK_IMAGE_USAGE_TRANSFER_SRC_BIT, supportsExternalMemory? 1, requiresDedicated? 0
[0;39m[0;39mDEBUG   | Supported: VK_FORMAT_A1R5G5B5_UNORM_PACK16 VK_IMAGE_TYPE_2D VK_IMAGE_TILING_OPTIMAL VK_IMAGE_USAGE_TRANSFER_DST_BIT, supportsExternalMemory? 1, requiresDedicated? 0
[0;39m[0;39mDEBUG   | Not Supported: VK_FORMAT_R16G16B16A16_SFLOAT VK_IMAGE_TYPE_2D VK_IMAGE_TILING_LINEAR VK_IMAGE_USAGE_COLOR_ATTACHMENT_BIT
[0;39m[0;39mDEBUG   | Not Supported: VK_FORMAT_R16G16B16A16_SFLOAT VK_IMAGE_TYPE_2D VK_IMAGE_TILING_LINEAR VK_IMAGE_USAGE_INPUT_ATTACHMENT_BIT
[0;39m[0;39mDEBUG   | Supported: VK_FORMAT_R16G16B16A16_SFLOAT VK_IMAGE_TYPE_2D VK_IMAGE_TILING_LINEAR VK_IMAGE_USAGE_SAMPLED_BIT, supportsExternalMemory? 1, requiresDedicated? 0
[0;39m[0;39mDEBUG   | Supported: VK_FORMAT_R16G16B16A16_SFLOAT VK_IMAGE_TYPE_2D VK_IMAGE_TILING_LINEAR VK_IMAGE_USAGE_TRANSFER_SRC_BIT, supportsExternalMemory? 1, requiresDedicated? 0
[0;39m[0;39mDEBUG   | Supported: VK_FORMAT_R16G16B16A16_SFLOAT VK_IMAGE_TYPE_2D VK_IMAGE_TILING_LINEAR VK_IMAGE_USAGE_TRANSFER_DST_BIT, supportsExternalMemory? 1, requiresDedicated? 0
[0;39m[0;39mDEBUG   | Supported: VK_FORMAT_R16G16B16A16_SFLOAT VK_IMAGE_TYPE_2D VK_IMAGE_TILING_OPTIMAL VK_IMAGE_USAGE_COLOR_ATTACHMENT_BIT, supportsExternalMemory? 1, requiresDedicated? 0
[0;39m[0;39mDEBUG   | Supported: VK_FORMAT_R16G16B16A16_SFLOAT VK_IMAGE_TYPE_2D VK_IMAGE_TILING_OPTIMAL VK_IMAGE_USAGE_INPUT_ATTACHMENT_BIT, supportsExternalMemory? 1, requiresDedicated? 0
[0;39m[0;39mDEBUG   | Supported: VK_FORMAT_R16G16B16A16_SFLOAT VK_IMAGE_TYPE_2D VK_IMAGE_TILING_OPTIMAL VK_IMAGE_USAGE_SAMPLED_BIT, supportsExternalMemory? 1, requiresDedicated? 0
[0;39m[0;39mDEBUG   | Supported: VK_FORMAT_R16G16B16A16_SFLOAT VK_IMAGE_TYPE_2D VK_IMAGE_TILING_OPTIMAL VK_IMAGE_USAGE_TRANSFER_SRC_BIT, supportsExternalMemory? 1, requiresDedicated? 0
[0;39m[0;39mDEBUG   | Supported: VK_FORMAT_R16G16B16A16_SFLOAT VK_IMAGE_TYPE_2D VK_IMAGE_TILING_OPTIMAL VK_IMAGE_USAGE_TRANSFER_DST_BIT, supportsExternalMemory? 1, requiresDedicated? 0
[0;39m[0;39mDEBUG   | Not Supported: VK_FORMAT_R16G16B16_SFLOAT VK_IMAGE_TYPE_2D VK_IMAGE_TILING_LINEAR VK_IMAGE_USAGE_COLOR_ATTACHMENT_BIT
[0;39m[0;39mDEBUG   | Not Supported: VK_FORMAT_R16G16B16_SFLOAT VK_IMAGE_TYPE_2D VK_IMAGE_TILING_LINEAR VK_IMAGE_USAGE_INPUT_ATTACHMENT_BIT
[0;39m[0;39mDEBUG   | Not Supported: VK_FORMAT_R16G16B16_SFLOAT VK_IMAGE_TYPE_2D VK_IMAGE_TILING_LINEAR VK_IMAGE_USAGE_SAMPLED_BIT
[0;39m[0;39mDEBUG   | Not Supported: VK_FORMAT_R16G16B16_SFLOAT VK_IMAGE_TYPE_2D VK_IMAGE_TILING_LINEAR VK_IMAGE_USAGE_TRANSFER_SRC_BIT
[0;39m[0;39mDEBUG   | Not Supported: VK_FORMAT_R16G16B16_SFLOAT VK_IMAGE_TYPE_2D VK_IMAGE_TILING_LINEAR VK_IMAGE_USAGE_TRANSFER_DST_BIT
[0;39m[0;39mDEBUG   | Not Supported: VK_FORMAT_R16G16B16_SFLOAT VK_IMAGE_TYPE_2D VK_IMAGE_TILING_OPTIMAL VK_IMAGE_USAGE_COLOR_ATTACHMENT_BIT
[0;39m[0;39mDEBUG   | Not Supported: VK_FORMAT_R16G16B16_SFLOAT VK_IMAGE_TYPE_2D VK_IMAGE_TILING_OPTIMAL VK_IMAGE_USAGE_INPUT_ATTACHMENT_BIT
[0;39m[0;39mDEBUG   | Not Supported: VK_FORMAT_R16G16B16_SFLOAT VK_IMAGE_TYPE_2D VK_IMAGE_TILING_OPTIMAL VK_IMAGE_USAGE_SAMPLED_BIT
[0;39m[0;39mDEBUG   | Not Supported: VK_FORMAT_R16G16B16_SFLOAT VK_IMAGE_TYPE_2D VK_IMAGE_TILING_OPTIMAL VK_IMAGE_USAGE_TRANSFER_SRC_BIT
[0;39m[0;39mDEBUG   | Not Supported: VK_FORMAT_R16G16B16_SFLOAT VK_IMAGE_TYPE_2D VK_IMAGE_TILING_OPTIMAL VK_IMAGE_USAGE_TRANSFER_DST_BIT
[0;39m[0;39mDEBUG   | Not Supported: VK_FORMAT_B8G8R8A8_UNORM VK_IMAGE_TYPE_2D VK_IMAGE_TILING_LINEAR VK_IMAGE_USAGE_COLOR_ATTACHMENT_BIT
[0;39m[0;39mDEBUG   | Not Supported: VK_FORMAT_B8G8R8A8_UNORM VK_IMAGE_TYPE_2D VK_IMAGE_TILING_LINEAR VK_IMAGE_USAGE_INPUT_ATTACHMENT_BIT
[0;39m[0;39mDEBUG   | Supported: VK_FORMAT_B8G8R8A8_UNORM VK_IMAGE_TYPE_2D VK_IMAGE_TILING_LINEAR VK_IMAGE_USAGE_SAMPLED_BIT, supportsExternalMemory? 1, requiresDedicated? 0
[0;39m[0;39mDEBUG   | Supported: VK_FORMAT_B8G8R8A8_UNORM VK_IMAGE_TYPE_2D VK_IMAGE_TILING_LINEAR VK_IMAGE_USAGE_TRANSFER_SRC_BIT, supportsExternalMemory? 1, requiresDedicated? 0
[0;39m[0;39mDEBUG   | Supported: VK_FORMAT_B8G8R8A8_UNORM VK_IMAGE_TYPE_2D VK_IMAGE_TILING_LINEAR VK_IMAGE_USAGE_TRANSFER_DST_BIT, supportsExternalMemory? 1, requiresDedicated? 0
[0;39m[0;39mDEBUG   | Supported: VK_FORMAT_B8G8R8A8_UNORM VK_IMAGE_TYPE_2D VK_IMAGE_TILING_OPTIMAL VK_IMAGE_USAGE_COLOR_ATTACHMENT_BIT, supportsExternalMemory? 1, requiresDedicated? 0
[0;39m[0;39mDEBUG   | Supported: VK_FORMAT_B8G8R8A8_UNORM VK_IMAGE_TYPE_2D VK_IMAGE_TILING_OPTIMAL VK_IMAGE_USAGE_INPUT_ATTACHMENT_BIT, supportsExternalMemory? 1, requiresDedicated? 0
[0;39m[0;39mDEBUG   | Supported: VK_FORMAT_B8G8R8A8_UNORM VK_IMAGE_TYPE_2D VK_IMAGE_TILING_OPTIMAL VK_IMAGE_USAGE_SAMPLED_BIT, supportsExternalMemory? 1, requiresDedicated? 0
[0;39m[0;39mDEBUG   | Supported: VK_FORMAT_B8G8R8A8_UNORM VK_IMAGE_TYPE_2D VK_IMAGE_TILING_OPTIMAL VK_IMAGE_USAGE_TRANSFER_SRC_BIT, supportsExternalMemory? 1, requiresDedicated? 0
[0;39m[0;39mDEBUG   | Supported: VK_FORMAT_B8G8R8A8_UNORM VK_IMAGE_TYPE_2D VK_IMAGE_TILING_OPTIMAL VK_IMAGE_USAGE_TRANSFER_DST_BIT, supportsExternalMemory? 1, requiresDedicated? 0
[0;39m[0;39mDEBUG   | Not Supported: VK_FORMAT_B4G4R4A4_UNORM_PACK16 VK_IMAGE_TYPE_2D VK_IMAGE_TILING_LINEAR VK_IMAGE_USAGE_COLOR_ATTACHMENT_BIT
[0;39m[0;39mDEBUG   | Not Supported: VK_FORMAT_B4G4R4A4_UNORM_PACK16 VK_IMAGE_TYPE_2D VK_IMAGE_TILING_LINEAR VK_IMAGE_USAGE_INPUT_ATTACHMENT_BIT
[0;39m[0;39mDEBUG   | Supported: VK_FORMAT_B4G4R4A4_UNORM_PACK16 VK_IMAGE_TYPE_2D VK_IMAGE_TILING_LINEAR VK_IMAGE_USAGE_SAMPLED_BIT, supportsExternalMemory? 1, requiresDedicated? 0
[0;39m[0;39mDEBUG   | Supported: VK_FORMAT_B4G4R4A4_UNORM_PACK16 VK_IMAGE_TYPE_2D VK_IMAGE_TILING_LINEAR VK_IMAGE_USAGE_TRANSFER_SRC_BIT, supportsExternalMemory? 1, requiresDedicated? 0
[0;39m[0;39mDEBUG   | Supported: VK_FORMAT_B4G4R4A4_UNORM_PACK16 VK_IMAGE_TYPE_2D VK_IMAGE_TILING_LINEAR VK_IMAGE_USAGE_TRANSFER_DST_BIT, supportsExternalMemory? 1, requiresDedicated? 0
[0;39m[0;39mDEBUG   | Supported: VK_FORMAT_B4G4R4A4_UNORM_PACK16 VK_IMAGE_TYPE_2D VK_IMAGE_TILING_OPTIMAL VK_IMAGE_USAGE_COLOR_ATTACHMENT_BIT, supportsExternalMemory? 1, requiresDedicated? 0
[0;39m[0;39mDEBUG   | Supported: VK_FORMAT_B4G4R4A4_UNORM_PACK16 VK_IMAGE_TYPE_2D VK_IMAGE_TILING_OPTIMAL VK_IMAGE_USAGE_INPUT_ATTACHMENT_BIT, supportsExternalMemory? 1, requiresDedicated? 0
[0;39m[0;39mDEBUG   | Supported: VK_FORMAT_B4G4R4A4_UNORM_PACK16 VK_IMAGE_TYPE_2D VK_IMAGE_TILING_OPTIMAL VK_IMAGE_USAGE_SAMPLED_BIT, supportsExternalMemory? 1, requiresDedicated? 0
[0;39m[0;39mDEBUG   | Supported: VK_FORMAT_B4G4R4A4_UNORM_PACK16 VK_IMAGE_TYPE_2D VK_IMAGE_TILING_OPTIMAL VK_IMAGE_USAGE_TRANSFER_SRC_BIT, supportsExternalMemory? 1, requiresDedicated? 0
[0;39m[0;39mDEBUG   | Supported: VK_FORMAT_B4G4R4A4_UNORM_PACK16 VK_IMAGE_TYPE_2D VK_IMAGE_TILING_OPTIMAL VK_IMAGE_USAGE_TRANSFER_DST_BIT, supportsExternalMemory? 1, requiresDedicated? 0
[0;39m[0;39mDEBUG   | Not Supported: VK_FORMAT_R4G4B4A4_UNORM_PACK16 VK_IMAGE_TYPE_2D VK_IMAGE_TILING_LINEAR VK_IMAGE_USAGE_COLOR_ATTACHMENT_BIT
[0;39m[0;39mDEBUG   | Not Supported: VK_FORMAT_R4G4B4A4_UNORM_PACK16 VK_IMAGE_TYPE_2D VK_IMAGE_TILING_LINEAR VK_IMAGE_USAGE_INPUT_ATTACHMENT_BIT
[0;39m[0;39mDEBUG   | Supported: VK_FORMAT_R4G4B4A4_UNORM_PACK16 VK_IMAGE_TYPE_2D VK_IMAGE_TILING_LINEAR VK_IMAGE_USAGE_SAMPLED_BIT, supportsExternalMemory? 1, requiresDedicated? 0
[0;39m[0;39mDEBUG   | Supported: VK_FORMAT_R4G4B4A4_UNORM_PACK16 VK_IMAGE_TYPE_2D VK_IMAGE_TILING_LINEAR VK_IMAGE_USAGE_TRANSFER_SRC_BIT, supportsExternalMemory? 1, requiresDedicated? 0
[0;39m[0;39mDEBUG   | Supported: VK_FORMAT_R4G4B4A4_UNORM_PACK16 VK_IMAGE_TYPE_2D VK_IMAGE_TILING_LINEAR VK_IMAGE_USAGE_TRANSFER_DST_BIT, supportsExternalMemory? 1, requiresDedicated? 0
[0;39m[0;39mDEBUG   | Supported: VK_FORMAT_R4G4B4A4_UNORM_PACK16 VK_IMAGE_TYPE_2D VK_IMAGE_TILING_OPTIMAL VK_IMAGE_USAGE_COLOR_ATTACHMENT_BIT, supportsExternalMemory? 1, requiresDedicated? 0
[0;39m[0;39mDEBUG   | Supported: VK_FORMAT_R4G4B4A4_UNORM_PACK16 VK_IMAGE_TYPE_2D VK_IMAGE_TILING_OPTIMAL VK_IMAGE_USAGE_INPUT_ATTACHMENT_BIT, supportsExternalMemory? 1, requiresDedicated? 0
[0;39m[0;39mDEBUG   | Supported: VK_FORMAT_R4G4B4A4_UNORM_PACK16 VK_IMAGE_TYPE_2D VK_IMAGE_TILING_OPTIMAL VK_IMAGE_USAGE_SAMPLED_BIT, supportsExternalMemory? 1, requiresDedicated? 0
[0;39m[0;39mDEBUG   | Supported: VK_FORMAT_R4G4B4A4_UNORM_PACK16 VK_IMAGE_TYPE_2D VK_IMAGE_TILING_OPTIMAL VK_IMAGE_USAGE_TRANSFER_SRC_BIT, supportsExternalMemory? 1, requiresDedicated? 0
[0;39m[0;39mDEBUG   | Supported: VK_FORMAT_R4G4B4A4_UNORM_PACK16 VK_IMAGE_TYPE_2D VK_IMAGE_TILING_OPTIMAL VK_IMAGE_USAGE_TRANSFER_DST_BIT, supportsExternalMemory? 1, requiresDedicated? 0
[0;39m[0;39mDEBUG   | Not Supported: VK_FORMAT_R8_UNORM VK_IMAGE_TYPE_2D VK_IMAGE_TILING_LINEAR VK_IMAGE_USAGE_COLOR_ATTACHMENT_BIT
[0;39m[0;39mDEBUG   | Not Supported: VK_FORMAT_R8_UNORM VK_IMAGE_TYPE_2D VK_IMAGE_TILING_LINEAR VK_IMAGE_USAGE_INPUT_ATTACHMENT_BIT
[0;39m[0;39mDEBUG   | Supported: VK_FORMAT_R8_UNORM VK_IMAGE_TYPE_2D VK_IMAGE_TILING_LINEAR VK_IMAGE_USAGE_SAMPLED_BIT, supportsExternalMemory? 1, requiresDedicated? 0
[0;39m[0;39mDEBUG   | Supported: VK_FORMAT_R8_UNORM VK_IMAGE_TYPE_2D VK_IMAGE_TILING_LINEAR VK_IMAGE_USAGE_TRANSFER_SRC_BIT, supportsExternalMemory? 1, requiresDedicated? 0
[0;39m[0;39mDEBUG   | Supported: VK_FORMAT_R8_UNORM VK_IMAGE_TYPE_2D VK_IMAGE_TILING_LINEAR VK_IMAGE_USAGE_TRANSFER_DST_BIT, supportsExternalMemory? 1, requiresDedicated? 0
[0;39m[0;39mDEBUG   | Supported: VK_FORMAT_R8_UNORM VK_IMAGE_TYPE_2D VK_IMAGE_TILING_OPTIMAL VK_IMAGE_USAGE_COLOR_ATTACHMENT_BIT, supportsExternalMemory? 1, requiresDedicated? 0
[0;39m[0;39mDEBUG   | Supported: VK_FORMAT_R8_UNORM VK_IMAGE_TYPE_2D VK_IMAGE_TILING_OPTIMAL VK_IMAGE_USAGE_INPUT_ATTACHMENT_BIT, supportsExternalMemory? 1, requiresDedicated? 0
[0;39m[0;39mDEBUG   | Supported: VK_FORMAT_R8_UNORM VK_IMAGE_TYPE_2D VK_IMAGE_TILING_OPTIMAL VK_IMAGE_USAGE_SAMPLED_BIT, supportsExternalMemory? 1, requiresDedicated? 0
[0;39m[0;39mDEBUG   | Supported: VK_FORMAT_R8_UNORM VK_IMAGE_TYPE_2D VK_IMAGE_TILING_OPTIMAL VK_IMAGE_USAGE_TRANSFER_SRC_BIT, supportsExternalMemory? 1, requiresDedicated? 0
[0;39m[0;39mDEBUG   | Supported: VK_FORMAT_R8_UNORM VK_IMAGE_TYPE_2D VK_IMAGE_TILING_OPTIMAL VK_IMAGE_USAGE_TRANSFER_DST_BIT, supportsExternalMemory? 1, requiresDedicated? 0
[0;39m[0;39mDEBUG   | Not Supported: VK_FORMAT_R16_UNORM VK_IMAGE_TYPE_2D VK_IMAGE_TILING_LINEAR VK_IMAGE_USAGE_COLOR_ATTACHMENT_BIT
[0;39m[0;39mDEBUG   | Not Supported: VK_FORMAT_R16_UNORM VK_IMAGE_TYPE_2D VK_IMAGE_TILING_LINEAR VK_IMAGE_USAGE_INPUT_ATTACHMENT_BIT
[0;39m[0;39mDEBUG   | Supported: VK_FORMAT_R16_UNORM VK_IMAGE_TYPE_2D VK_IMAGE_TILING_LINEAR VK_IMAGE_USAGE_SAMPLED_BIT, supportsExternalMemory? 1, requiresDedicated? 0
[0;39m[0;39mDEBUG   | Supported: VK_FORMAT_R16_UNORM VK_IMAGE_TYPE_2D VK_IMAGE_TILING_LINEAR VK_IMAGE_USAGE_TRANSFER_SRC_BIT, supportsExternalMemory? 1, requiresDedicated? 0
[0;39m[0;39mDEBUG   | Supported: VK_FORMAT_R16_UNORM VK_IMAGE_TYPE_2D VK_IMAGE_TILING_LINEAR VK_IMAGE_USAGE_TRANSFER_DST_BIT, supportsExternalMemory? 1, requiresDedicated? 0
[0;39m[0;39mDEBUG   | Supported: VK_FORMAT_R16_UNORM VK_IMAGE_TYPE_2D VK_IMAGE_TILING_OPTIMAL VK_IMAGE_USAGE_COLOR_ATTACHMENT_BIT, supportsExternalMemory? 1, requiresDedicated? 0
[0;39m[0;39mDEBUG   | Supported: VK_FORMAT_R16_UNORM VK_IMAGE_TYPE_2D VK_IMAGE_TILING_OPTIMAL VK_IMAGE_USAGE_INPUT_ATTACHMENT_BIT, supportsExternalMemory? 1, requiresDedicated? 0
[0;39m[0;39mDEBUG   | Supported: VK_FORMAT_R16_UNORM VK_IMAGE_TYPE_2D VK_IMAGE_TILING_OPTIMAL VK_IMAGE_USAGE_SAMPLED_BIT, supportsExternalMemory? 1, requiresDedicated? 0
[0;39m[0;39mDEBUG   | Supported: VK_FORMAT_R16_UNORM VK_IMAGE_TYPE_2D VK_IMAGE_TILING_OPTIMAL VK_IMAGE_USAGE_TRANSFER_SRC_BIT, supportsExternalMemory? 1, requiresDedicated? 0
[0;39m[0;39mDEBUG   | Supported: VK_FORMAT_R16_UNORM VK_IMAGE_TYPE_2D VK_IMAGE_TILING_OPTIMAL VK_IMAGE_USAGE_TRANSFER_DST_BIT, supportsExternalMemory? 1, requiresDedicated? 0
[0;39m[0;39mDEBUG   | Not Supported: VK_FORMAT_A2R10G10B10_UINT_PACK32 VK_IMAGE_TYPE_2D VK_IMAGE_TILING_LINEAR VK_IMAGE_USAGE_COLOR_ATTACHMENT_BIT
[0;39m[0;39mDEBUG   | Not Supported: VK_FORMAT_A2R10G10B10_UINT_PACK32 VK_IMAGE_TYPE_2D VK_IMAGE_TILING_LINEAR VK_IMAGE_USAGE_INPUT_ATTACHMENT_BIT
[0;39m[0;39mDEBUG   | Supported: VK_FORMAT_A2R10G10B10_UINT_PACK32 VK_IMAGE_TYPE_2D VK_IMAGE_TILING_LINEAR VK_IMAGE_USAGE_SAMPLED_BIT, supportsExternalMemory? 1, requiresDedicated? 0
[0;39m[0;39mDEBUG   | Supported: VK_FORMAT_A2R10G10B10_UINT_PACK32 VK_IMAGE_TYPE_2D VK_IMAGE_TILING_LINEAR VK_IMAGE_USAGE_TRANSFER_SRC_BIT, supportsExternalMemory? 1, requiresDedicated? 0
[0;39m[0;39mDEBUG   | Supported: VK_FORMAT_A2R10G10B10_UINT_PACK32 VK_IMAGE_TYPE_2D VK_IMAGE_TILING_LINEAR VK_IMAGE_USAGE_TRANSFER_DST_BIT, supportsExternalMemory? 1, requiresDedicated? 0
[0;39m[0;39mDEBUG   | Supported: VK_FORMAT_A2R10G10B10_UINT_PACK32 VK_IMAGE_TYPE_2D VK_IMAGE_TILING_OPTIMAL VK_IMAGE_USAGE_COLOR_ATTACHMENT_BIT, supportsExternalMemory? 1, requiresDedicated? 0
[0;39m[0;39mDEBUG   | Supported: VK_FORMAT_A2R10G10B10_UINT_PACK32 VK_IMAGE_TYPE_2D VK_IMAGE_TILING_OPTIMAL VK_IMAGE_USAGE_INPUT_ATTACHMENT_BIT, supportsExternalMemory? 1, requiresDedicated? 0
[0;39m[0;39mDEBUG   | Supported: VK_FORMAT_A2R10G10B10_UINT_PACK32 VK_IMAGE_TYPE_2D VK_IMAGE_TILING_OPTIMAL VK_IMAGE_USAGE_SAMPLED_BIT, supportsExternalMemory? 1, requiresDedicated? 0
[0;39m[0;39mDEBUG   | Supported: VK_FORMAT_A2R10G10B10_UINT_PACK32 VK_IMAGE_TYPE_2D VK_IMAGE_TILING_OPTIMAL VK_IMAGE_USAGE_TRANSFER_SRC_BIT, supportsExternalMemory? 1, requiresDedicated? 0
[0;39m[0;39mDEBUG   | Supported: VK_FORMAT_A2R10G10B10_UINT_PACK32 VK_IMAGE_TYPE_2D VK_IMAGE_TILING_OPTIMAL VK_IMAGE_USAGE_TRANSFER_DST_BIT, supportsExternalMemory? 1, requiresDedicated? 0
[0;39m[0;39mDEBUG   | Not Supported: VK_FORMAT_A2R10G10B10_UNORM_PACK32 VK_IMAGE_TYPE_2D VK_IMAGE_TILING_LINEAR VK_IMAGE_USAGE_COLOR_ATTACHMENT_BIT
[0;39m[0;39mDEBUG   | Not Supported: VK_FORMAT_A2R10G10B10_UNORM_PACK32 VK_IMAGE_TYPE_2D VK_IMAGE_TILING_LINEAR VK_IMAGE_USAGE_INPUT_ATTACHMENT_BIT
[0;39m[0;39mDEBUG   | Supported: VK_FORMAT_A2R10G10B10_UNORM_PACK32 VK_IMAGE_TYPE_2D VK_IMAGE_TILING_LINEAR VK_IMAGE_USAGE_SAMPLED_BIT, supportsExternalMemory? 1, requiresDedicated? 0
[0;39m[0;39mDEBUG   | Supported: VK_FORMAT_A2R10G10B10_UNORM_PACK32 VK_IMAGE_TYPE_2D VK_IMAGE_TILING_LINEAR VK_IMAGE_USAGE_TRANSFER_SRC_BIT, supportsExternalMemory? 1, requiresDedicated? 0
[0;39m[0;39mDEBUG   | Supported: VK_FORMAT_A2R10G10B10_UNORM_PACK32 VK_IMAGE_TYPE_2D VK_IMAGE_TILING_LINEAR VK_IMAGE_USAGE_TRANSFER_DST_BIT, supportsExternalMemory? 1, requiresDedicated? 0
[0;39m[0;39mDEBUG   | Supported: VK_FORMAT_A2R10G10B10_UNORM_PACK32 VK_IMAGE_TYPE_2D VK_IMAGE_TILING_OPTIMAL VK_IMAGE_USAGE_COLOR_ATTACHMENT_BIT, supportsExternalMemory? 1, requiresDedicated? 0
[0;39m[0;39mDEBUG   | Supported: VK_FORMAT_A2R10G10B10_UNORM_PACK32 VK_IMAGE_TYPE_2D VK_IMAGE_TILING_OPTIMAL VK_IMAGE_USAGE_INPUT_ATTACHMENT_BIT, supportsExternalMemory? 1, requiresDedicated? 0
[0;39m[0;39mDEBUG   | Supported: VK_FORMAT_A2R10G10B10_UNORM_PACK32 VK_IMAGE_TYPE_2D VK_IMAGE_TILING_OPTIMAL VK_IMAGE_USAGE_SAMPLED_BIT, supportsExternalMemory? 1, requiresDedicated? 0
[0;39m[0;39mDEBUG   | Supported: VK_FORMAT_A2R10G10B10_UNORM_PACK32 VK_IMAGE_TYPE_2D VK_IMAGE_TILING_OPTIMAL VK_IMAGE_USAGE_TRANSFER_SRC_BIT, supportsExternalMemory? 1, requiresDedicated? 0
[0;39m[0;39mDEBUG   | Supported: VK_FORMAT_A2R10G10B10_UNORM_PACK32 VK_IMAGE_TYPE_2D VK_IMAGE_TILING_OPTIMAL VK_IMAGE_USAGE_TRANSFER_DST_BIT, supportsExternalMemory? 1, requiresDedicated? 0
[0;39m[0;39mDEBUG   | Not Supported: VK_FORMAT_A2B10G10R10_UNORM_PACK32 VK_IMAGE_TYPE_2D VK_IMAGE_TILING_LINEAR VK_IMAGE_USAGE_COLOR_ATTACHMENT_BIT
[0;39m[0;39mDEBUG   | Not Supported: VK_FORMAT_A2B10G10R10_UNORM_PACK32 VK_IMAGE_TYPE_2D VK_IMAGE_TILING_LINEAR VK_IMAGE_USAGE_INPUT_ATTACHMENT_BIT
[0;39m[0;39mDEBUG   | Supported: VK_FORMAT_A2B10G10R10_UNORM_PACK32 VK_IMAGE_TYPE_2D VK_IMAGE_TILING_LINEAR VK_IMAGE_USAGE_SAMPLED_BIT, supportsExternalMemory? 1, requiresDedicated? 0
[0;39m[0;39mDEBUG   | Supported: VK_FORMAT_A2B10G10R10_UNORM_PACK32 VK_IMAGE_TYPE_2D VK_IMAGE_TILING_LINEAR VK_IMAGE_USAGE_TRANSFER_SRC_BIT, supportsExternalMemory? 1, requiresDedicated? 0
[0;39m[0;39mDEBUG   | Supported: VK_FORMAT_A2B10G10R10_UNORM_PACK32 VK_IMAGE_TYPE_2D VK_IMAGE_TILING_LINEAR VK_IMAGE_USAGE_TRANSFER_DST_BIT, supportsExternalMemory? 1, requiresDedicated? 0
[0;39m[0;39mDEBUG   | Supported: VK_FORMAT_A2B10G10R10_UNORM_PACK32 VK_IMAGE_TYPE_2D VK_IMAGE_TILING_OPTIMAL VK_IMAGE_USAGE_COLOR_ATTACHMENT_BIT, supportsExternalMemory? 1, requiresDedicated? 0
[0;39m[0;39mDEBUG   | Supported: VK_FORMAT_A2B10G10R10_UNORM_PACK32 VK_IMAGE_TYPE_2D VK_IMAGE_TILING_OPTIMAL VK_IMAGE_USAGE_INPUT_ATTACHMENT_BIT, supportsExternalMemory? 1, requiresDedicated? 0
[0;39m[0;39mDEBUG   | Supported: VK_FORMAT_A2B10G10R10_UNORM_PACK32 VK_IMAGE_TYPE_2D VK_IMAGE_TILING_OPTIMAL VK_IMAGE_USAGE_SAMPLED_BIT, supportsExternalMemory? 1, requiresDedicated? 0
[0;39m[0;39mDEBUG   | Supported: VK_FORMAT_A2B10G10R10_UNORM_PACK32 VK_IMAGE_TYPE_2D VK_IMAGE_TILING_OPTIMAL VK_IMAGE_USAGE_TRANSFER_SRC_BIT, supportsExternalMemory? 1, requiresDedicated? 0
[0;39m[0;39mDEBUG   | Supported: VK_FORMAT_A2B10G10R10_UNORM_PACK32 VK_IMAGE_TYPE_2D VK_IMAGE_TILING_OPTIMAL VK_IMAGE_USAGE_TRANSFER_DST_BIT, supportsExternalMemory? 1, requiresDedicated? 0
[0;39m[0;39mDEBUG   | Not Supported: VK_FORMAT_ETC2_R8G8B8A8_UNORM_BLOCK VK_IMAGE_TYPE_2D VK_IMAGE_TILING_LINEAR VK_IMAGE_USAGE_COLOR_ATTACHMENT_BIT
[0;39m[0;39mDEBUG   | Not Supported: VK_FORMAT_ETC2_R8G8B8A8_UNORM_BLOCK VK_IMAGE_TYPE_2D VK_IMAGE_TILING_LINEAR VK_IMAGE_USAGE_INPUT_ATTACHMENT_BIT
[0;39m[0;39mDEBUG   | Not Supported: VK_FORMAT_ETC2_R8G8B8A8_UNORM_BLOCK VK_IMAGE_TYPE_2D VK_IMAGE_TILING_LINEAR VK_IMAGE_USAGE_SAMPLED_BIT
[0;39m[0;39mDEBUG   | Supported: VK_FORMAT_ETC2_R8G8B8A8_UNORM_BLOCK VK_IMAGE_TYPE_2D VK_IMAGE_TILING_LINEAR VK_IMAGE_USAGE_TRANSFER_SRC_BIT, supportsExternalMemory? 1, requiresDedicated? 0
[0;39m[0;39mDEBUG   | Supported: VK_FORMAT_ETC2_R8G8B8A8_UNORM_BLOCK VK_IMAGE_TYPE_2D VK_IMAGE_TILING_LINEAR VK_IMAGE_USAGE_TRANSFER_DST_BIT, supportsExternalMemory? 1, requiresDedicated? 0
[0;39m[0;39mDEBUG   | Not Supported: VK_FORMAT_ETC2_R8G8B8A8_UNORM_BLOCK VK_IMAGE_TYPE_2D VK_IMAGE_TILING_OPTIMAL VK_IMAGE_USAGE_COLOR_ATTACHMENT_BIT
[0;39m[0;39mDEBUG   | Not Supported: VK_FORMAT_ETC2_R8G8B8A8_UNORM_BLOCK VK_IMAGE_TYPE_2D VK_IMAGE_TILING_OPTIMAL VK_IMAGE_USAGE_INPUT_ATTACHMENT_BIT
[0;39m[0;39mDEBUG   | Supported: VK_FORMAT_ETC2_R8G8B8A8_UNORM_BLOCK VK_IMAGE_TYPE_2D VK_IMAGE_TILING_OPTIMAL VK_IMAGE_USAGE_SAMPLED_BIT, supportsExternalMemory? 1, requiresDedicated? 0
[0;39m[0;39mDEBUG   | Supported: VK_FORMAT_ETC2_R8G8B8A8_UNORM_BLOCK VK_IMAGE_TYPE_2D VK_IMAGE_TILING_OPTIMAL VK_IMAGE_USAGE_TRANSFER_SRC_BIT, supportsExternalMemory? 1, requiresDedicated? 0
[0;39m[0;39mDEBUG   | Supported: VK_FORMAT_ETC2_R8G8B8A8_UNORM_BLOCK VK_IMAGE_TYPE_2D VK_IMAGE_TILING_OPTIMAL VK_IMAGE_USAGE_TRANSFER_DST_BIT, supportsExternalMemory? 1, requiresDedicated? 0
[0;39m[0;39mDEBUG   | Not Supported: VK_FORMAT_ASTC_4x4_UNORM_BLOCK VK_IMAGE_TYPE_2D VK_IMAGE_TILING_LINEAR VK_IMAGE_USAGE_COLOR_ATTACHMENT_BIT
[0;39m[0;39mDEBUG   | Not Supported: VK_FORMAT_ASTC_4x4_UNORM_BLOCK VK_IMAGE_TYPE_2D VK_IMAGE_TILING_LINEAR VK_IMAGE_USAGE_INPUT_ATTACHMENT_BIT
[0;39m[0;39mDEBUG   | Not Supported: VK_FORMAT_ASTC_4x4_UNORM_BLOCK VK_IMAGE_TYPE_2D VK_IMAGE_TILING_LINEAR VK_IMAGE_USAGE_SAMPLED_BIT
[0;39m[0;39mDEBUG   | Supported: VK_FORMAT_ASTC_4x4_UNORM_BLOCK VK_IMAGE_TYPE_2D VK_IMAGE_TILING_LINEAR VK_IMAGE_USAGE_TRANSFER_SRC_BIT, supportsExternalMemory? 1, requiresDedicated? 0
[0;39m[0;39mDEBUG   | Supported: VK_FORMAT_ASTC_4x4_UNORM_BLOCK VK_IMAGE_TYPE_2D VK_IMAGE_TILING_LINEAR VK_IMAGE_USAGE_TRANSFER_DST_BIT, supportsExternalMemory? 1, requiresDedicated? 0
[0;39m[0;39mDEBUG   | Not Supported: VK_FORMAT_ASTC_4x4_UNORM_BLOCK VK_IMAGE_TYPE_2D VK_IMAGE_TILING_OPTIMAL VK_IMAGE_USAGE_COLOR_ATTACHMENT_BIT
[0;39m[0;39mDEBUG   | Not Supported: VK_FORMAT_ASTC_4x4_UNORM_BLOCK VK_IMAGE_TYPE_2D VK_IMAGE_TILING_OPTIMAL VK_IMAGE_USAGE_INPUT_ATTACHMENT_BIT
[0;39m[0;39mDEBUG   | Supported: VK_FORMAT_ASTC_4x4_UNORM_BLOCK VK_IMAGE_TYPE_2D VK_IMAGE_TILING_OPTIMAL VK_IMAGE_USAGE_SAMPLED_BIT, supportsExternalMemory? 1, requiresDedicated? 0
[0;39m[0;39mDEBUG   | Supported: VK_FORMAT_ASTC_4x4_UNORM_BLOCK VK_IMAGE_TYPE_2D VK_IMAGE_TILING_OPTIMAL VK_IMAGE_USAGE_TRANSFER_SRC_BIT, supportsExternalMemory? 1, requiresDedicated? 0
[0;39m[0;39mDEBUG   | Supported: VK_FORMAT_ASTC_4x4_UNORM_BLOCK VK_IMAGE_TYPE_2D VK_IMAGE_TILING_OPTIMAL VK_IMAGE_USAGE_TRANSFER_DST_BIT, supportsExternalMemory? 1, requiresDedicated? 0
[0;39m[0;39mDEBUG   | Not Supported: VK_FORMAT_G8_B8R8_2PLANE_420_UNORM VK_IMAGE_TYPE_2D VK_IMAGE_TILING_LINEAR VK_IMAGE_USAGE_COLOR_ATTACHMENT_BIT
[0;39m[0;39mDEBUG   | Not Supported: VK_FORMAT_G8_B8R8_2PLANE_420_UNORM VK_IMAGE_TYPE_2D VK_IMAGE_TILING_LINEAR VK_IMAGE_USAGE_INPUT_ATTACHMENT_BIT
[0;39m[0;39mDEBUG   | Supported: VK_FORMAT_G8_B8R8_2PLANE_420_UNORM VK_IMAGE_TYPE_2D VK_IMAGE_TILING_LINEAR VK_IMAGE_USAGE_SAMPLED_BIT, supportsExternalMemory? 1, requiresDedicated? 0
[0;39m[0;39mDEBUG   | Supported: VK_FORMAT_G8_B8R8_2PLANE_420_UNORM VK_IMAGE_TYPE_2D VK_IMAGE_TILING_LINEAR VK_IMAGE_USAGE_TRANSFER_SRC_BIT, supportsExternalMemory? 1, requiresDedicated? 0
[0;39m[0;39mDEBUG   | Supported: VK_FORMAT_G8_B8R8_2PLANE_420_UNORM VK_IMAGE_TYPE_2D VK_IMAGE_TILING_LINEAR VK_IMAGE_USAGE_TRANSFER_DST_BIT, supportsExternalMemory? 1, requiresDedicated? 0
[0;39m[0;39mDEBUG   | Not Supported: VK_FORMAT_G8_B8R8_2PLANE_420_UNORM VK_IMAGE_TYPE_2D VK_IMAGE_TILING_OPTIMAL VK_IMAGE_USAGE_COLOR_ATTACHMENT_BIT
[0;39m[0;39mDEBUG   | Not Supported: VK_FORMAT_G8_B8R8_2PLANE_420_UNORM VK_IMAGE_TYPE_2D VK_IMAGE_TILING_OPTIMAL VK_IMAGE_USAGE_INPUT_ATTACHMENT_BIT
[0;39m[0;39mDEBUG   | Supported: VK_FORMAT_G8_B8R8_2PLANE_420_UNORM VK_IMAGE_TYPE_2D VK_IMAGE_TILING_OPTIMAL VK_IMAGE_USAGE_SAMPLED_BIT, supportsExternalMemory? 1, requiresDedicated? 0
[0;39m[0;39mDEBUG   | Supported: VK_FORMAT_G8_B8R8_2PLANE_420_UNORM VK_IMAGE_TYPE_2D VK_IMAGE_TILING_OPTIMAL VK_IMAGE_USAGE_TRANSFER_SRC_BIT, supportsExternalMemory? 1, requiresDedicated? 0
[0;39m[0;39mDEBUG   | Supported: VK_FORMAT_G8_B8R8_2PLANE_420_UNORM VK_IMAGE_TYPE_2D VK_IMAGE_TILING_OPTIMAL VK_IMAGE_USAGE_TRANSFER_DST_BIT, supportsExternalMemory? 1, requiresDedicated? 0
[0;39m[0;39mDEBUG   | Not Supported: VK_FORMAT_G8_B8R8_2PLANE_422_UNORM VK_IMAGE_TYPE_2D VK_IMAGE_TILING_LINEAR VK_IMAGE_USAGE_COLOR_ATTACHMENT_BIT
[0;39m[0;39mDEBUG   | Not Supported: VK_FORMAT_G8_B8R8_2PLANE_422_UNORM VK_IMAGE_TYPE_2D VK_IMAGE_TILING_LINEAR VK_IMAGE_USAGE_INPUT_ATTACHMENT_BIT
[0;39m[0;39mDEBUG   | Not Supported: VK_FORMAT_G8_B8R8_2PLANE_422_UNORM VK_IMAGE_TYPE_2D VK_IMAGE_TILING_LINEAR VK_IMAGE_USAGE_SAMPLED_BIT
[0;39m[0;39mDEBUG   | Not Supported: VK_FORMAT_G8_B8R8_2PLANE_422_UNORM VK_IMAGE_TYPE_2D VK_IMAGE_TILING_LINEAR VK_IMAGE_USAGE_TRANSFER_SRC_BIT
[0;39m[0;39mDEBUG   | Not Supported: VK_FORMAT_G8_B8R8_2PLANE_422_UNORM VK_IMAGE_TYPE_2D VK_IMAGE_TILING_LINEAR VK_IMAGE_USAGE_TRANSFER_DST_BIT
[0;39m[0;39mDEBUG   | Not Supported: VK_FORMAT_G8_B8R8_2PLANE_422_UNORM VK_IMAGE_TYPE_2D VK_IMAGE_TILING_OPTIMAL VK_IMAGE_USAGE_COLOR_ATTACHMENT_BIT
[0;39m[0;39mDEBUG   | Not Supported: VK_FORMAT_G8_B8R8_2PLANE_422_UNORM VK_IMAGE_TYPE_2D VK_IMAGE_TILING_OPTIMAL VK_IMAGE_USAGE_INPUT_ATTACHMENT_BIT
[0;39m[0;39mDEBUG   | Not Supported: VK_FORMAT_G8_B8R8_2PLANE_422_UNORM VK_IMAGE_TYPE_2D VK_IMAGE_TILING_OPTIMAL VK_IMAGE_USAGE_SAMPLED_BIT
[0;39m[0;39mDEBUG   | Not Supported: VK_FORMAT_G8_B8R8_2PLANE_422_UNORM VK_IMAGE_TYPE_2D VK_IMAGE_TILING_OPTIMAL VK_IMAGE_USAGE_TRANSFER_SRC_BIT
[0;39m[0;39mDEBUG   | Not Supported: VK_FORMAT_G8_B8R8_2PLANE_422_UNORM VK_IMAGE_TYPE_2D VK_IMAGE_TILING_OPTIMAL VK_IMAGE_USAGE_TRANSFER_DST_BIT
[0;39m[0;39mDEBUG   | Not Supported: VK_FORMAT_G8_B8_R8_3PLANE_420_UNORM VK_IMAGE_TYPE_2D VK_IMAGE_TILING_LINEAR VK_IMAGE_USAGE_COLOR_ATTACHMENT_BIT
[0;39m[0;39mDEBUG   | Not Supported: VK_FORMAT_G8_B8_R8_3PLANE_420_UNORM VK_IMAGE_TYPE_2D VK_IMAGE_TILING_LINEAR VK_IMAGE_USAGE_INPUT_ATTACHMENT_BIT
[0;39m[0;39mDEBUG   | Supported: VK_FORMAT_G8_B8_R8_3PLANE_420_UNORM VK_IMAGE_TYPE_2D VK_IMAGE_TILING_LINEAR VK_IMAGE_USAGE_SAMPLED_BIT, supportsExternalMemory? 1, requiresDedicated? 0
[0;39m[0;39mDEBUG   | Supported: VK_FORMAT_G8_B8_R8_3PLANE_420_UNORM VK_IMAGE_TYPE_2D VK_IMAGE_TILING_LINEAR VK_IMAGE_USAGE_TRANSFER_SRC_BIT, supportsExternalMemory? 1, requiresDedicated? 0
[0;39m[0;39mDEBUG   | Supported: VK_FORMAT_G8_B8_R8_3PLANE_420_UNORM VK_IMAGE_TYPE_2D VK_IMAGE_TILING_LINEAR VK_IMAGE_USAGE_TRANSFER_DST_BIT, supportsExternalMemory? 1, requiresDedicated? 0
[0;39m[0;39mDEBUG   | Not Supported: VK_FORMAT_G8_B8_R8_3PLANE_420_UNORM VK_IMAGE_TYPE_2D VK_IMAGE_TILING_OPTIMAL VK_IMAGE_USAGE_COLOR_ATTACHMENT_BIT
[0;39m[0;39mDEBUG   | Not Supported: VK_FORMAT_G8_B8_R8_3PLANE_420_UNORM VK_IMAGE_TYPE_2D VK_IMAGE_TILING_OPTIMAL VK_IMAGE_USAGE_INPUT_ATTACHMENT_BIT
[0;39m[0;39mDEBUG   | Supported: VK_FORMAT_G8_B8_R8_3PLANE_420_UNORM VK_IMAGE_TYPE_2D VK_IMAGE_TILING_OPTIMAL VK_IMAGE_USAGE_SAMPLED_BIT, supportsExternalMemory? 1, requiresDedicated? 0
[0;39m[0;39mDEBUG   | Supported: VK_FORMAT_G8_B8_R8_3PLANE_420_UNORM VK_IMAGE_TYPE_2D VK_IMAGE_TILING_OPTIMAL VK_IMAGE_USAGE_TRANSFER_SRC_BIT, supportsExternalMemory? 1, requiresDedicated? 0
[0;39m[0;39mDEBUG   | Supported: VK_FORMAT_G8_B8_R8_3PLANE_420_UNORM VK_IMAGE_TYPE_2D VK_IMAGE_TILING_OPTIMAL VK_IMAGE_USAGE_TRANSFER_DST_BIT, supportsExternalMemory? 1, requiresDedicated? 0
[0;39m[0;39mDEBUG   | Not Supported: VK_FORMAT_G8_B8_R8_3PLANE_422_UNORM VK_IMAGE_TYPE_2D VK_IMAGE_TILING_LINEAR VK_IMAGE_USAGE_COLOR_ATTACHMENT_BIT
[0;39m[0;39mDEBUG   | Not Supported: VK_FORMAT_G8_B8_R8_3PLANE_422_UNORM VK_IMAGE_TYPE_2D VK_IMAGE_TILING_LINEAR VK_IMAGE_USAGE_INPUT_ATTACHMENT_BIT
[0;39m[0;39mDEBUG   | Not Supported: VK_FORMAT_G8_B8_R8_3PLANE_422_UNORM VK_IMAGE_TYPE_2D VK_IMAGE_TILING_LINEAR VK_IMAGE_USAGE_SAMPLED_BIT
[0;39m[0;39mDEBUG   | Not Supported: VK_FORMAT_G8_B8_R8_3PLANE_422_UNORM VK_IMAGE_TYPE_2D VK_IMAGE_TILING_LINEAR VK_IMAGE_USAGE_TRANSFER_SRC_BIT
[0;39m[0;39mDEBUG   | Not Supported: VK_FORMAT_G8_B8_R8_3PLANE_422_UNORM VK_IMAGE_TYPE_2D VK_IMAGE_TILING_LINEAR VK_IMAGE_USAGE_TRANSFER_DST_BIT
[0;39m[0;39mDEBUG   | Not Supported: VK_FORMAT_G8_B8_R8_3PLANE_422_UNORM VK_IMAGE_TYPE_2D VK_IMAGE_TILING_OPTIMAL VK_IMAGE_USAGE_COLOR_ATTACHMENT_BIT
[0;39m[0;39mDEBUG   | Not Supported: VK_FORMAT_G8_B8_R8_3PLANE_422_UNORM VK_IMAGE_TYPE_2D VK_IMAGE_TILING_OPTIMAL VK_IMAGE_USAGE_INPUT_ATTACHMENT_BIT
[0;39m[0;39mDEBUG   | Not Supported: VK_FORMAT_G8_B8_R8_3PLANE_422_UNORM VK_IMAGE_TYPE_2D VK_IMAGE_TILING_OPTIMAL VK_IMAGE_USAGE_SAMPLED_BIT
[0;39m[0;39mDEBUG   | Not Supported: VK_FORMAT_G8_B8_R8_3PLANE_422_UNORM VK_IMAGE_TYPE_2D VK_IMAGE_TILING_OPTIMAL VK_IMAGE_USAGE_TRANSFER_SRC_BIT
[0;39m[0;39mDEBUG   | Not Supported: VK_FORMAT_G8_B8_R8_3PLANE_422_UNORM VK_IMAGE_TYPE_2D VK_IMAGE_TILING_OPTIMAL VK_IMAGE_USAGE_TRANSFER_DST_BIT
[0;39m[0;39mDEBUG   | Not Supported: VK_FORMAT_G10X6_B10X6R10X6_2PLANE_420_UNORM_3PACK16 VK_IMAGE_TYPE_2D VK_IMAGE_TILING_LINEAR VK_IMAGE_USAGE_COLOR_ATTACHMENT_BIT
[0;39m[0;39mDEBUG   | Not Supported: VK_FORMAT_G10X6_B10X6R10X6_2PLANE_420_UNORM_3PACK16 VK_IMAGE_TYPE_2D VK_IMAGE_TILING_LINEAR VK_IMAGE_USAGE_INPUT_ATTACHMENT_BIT
[0;39m[0;39mDEBUG   | Supported: VK_FORMAT_G10X6_B10X6R10X6_2PLANE_420_UNORM_3PACK16 VK_IMAGE_TYPE_2D VK_IMAGE_TILING_LINEAR VK_IMAGE_USAGE_SAMPLED_BIT, supportsExternalMemory? 1, requiresDedicated? 0
[0;39m[0;39mDEBUG   | Supported: VK_FORMAT_G10X6_B10X6R10X6_2PLANE_420_UNORM_3PACK16 VK_IMAGE_TYPE_2D VK_IMAGE_TILING_LINEAR VK_IMAGE_USAGE_TRANSFER_SRC_BIT, supportsExternalMemory? 1, requiresDedicated? 0
[0;39m[0;39mDEBUG   | Supported: VK_FORMAT_G10X6_B10X6R10X6_2PLANE_420_UNORM_3PACK16 VK_IMAGE_TYPE_2D VK_IMAGE_TILING_LINEAR VK_IMAGE_USAGE_TRANSFER_DST_BIT, supportsExternalMemory? 1, requiresDedicated? 0
[0;39m[0;39mDEBUG   | Not Supported: VK_FORMAT_G10X6_B10X6R10X6_2PLANE_420_UNORM_3PACK16 VK_IMAGE_TYPE_2D VK_IMAGE_TILING_OPTIMAL VK_IMAGE_USAGE_COLOR_ATTACHMENT_BIT
[0;39m[0;39mDEBUG   | Not Supported: VK_FORMAT_G10X6_B10X6R10X6_2PLANE_420_UNORM_3PACK16 VK_IMAGE_TYPE_2D VK_IMAGE_TILING_OPTIMAL VK_IMAGE_USAGE_INPUT_ATTACHMENT_BIT
[0;39m[0;39mDEBUG   | Supported: VK_FORMAT_G10X6_B10X6R10X6_2PLANE_420_UNORM_3PACK16 VK_IMAGE_TYPE_2D VK_IMAGE_TILING_OPTIMAL VK_IMAGE_USAGE_SAMPLED_BIT, supportsExternalMemory? 1, requiresDedicated? 0
[0;39m[0;39mDEBUG   | Supported: VK_FORMAT_G10X6_B10X6R10X6_2PLANE_420_UNORM_3PACK16 VK_IMAGE_TYPE_2D VK_IMAGE_TILING_OPTIMAL VK_IMAGE_USAGE_TRANSFER_SRC_BIT, supportsExternalMemory? 1, requiresDedicated? 0
[0;39m[0;39mDEBUG   | Supported: VK_FORMAT_G10X6_B10X6R10X6_2PLANE_420_UNORM_3PACK16 VK_IMAGE_TYPE_2D VK_IMAGE_TILING_OPTIMAL VK_IMAGE_USAGE_TRANSFER_DST_BIT, supportsExternalMemory? 1, requiresDedicated? 0
[0;39m[0;39mDEBUG   | Supported: VK_FORMAT_D16_UNORM VK_IMAGE_TYPE_2D VK_IMAGE_TILING_OPTIMAL VK_IMAGE_USAGE_DEPTH_STENCIL_ATTACHMENT_BIT, supportsExternalMemory? 1, requiresDedicated? 0
[0;39m[0;39mDEBUG   | Supported: VK_FORMAT_D16_UNORM VK_IMAGE_TYPE_2D VK_IMAGE_TILING_OPTIMAL VK_IMAGE_USAGE_INPUT_ATTACHMENT_BIT, supportsExternalMemory? 1, requiresDedicated? 0
[0;39m[0;39mDEBUG   | Supported: VK_FORMAT_D16_UNORM VK_IMAGE_TYPE_2D VK_IMAGE_TILING_OPTIMAL VK_IMAGE_USAGE_SAMPLED_BIT, supportsExternalMemory? 1, requiresDedicated? 0
[0;39m[0;39mDEBUG   | Supported: VK_FORMAT_D16_UNORM VK_IMAGE_TYPE_2D VK_IMAGE_TILING_OPTIMAL VK_IMAGE_USAGE_TRANSFER_SRC_BIT, supportsExternalMemory? 1, requiresDedicated? 0
[0;39m[0;39mDEBUG   | Supported: VK_FORMAT_D16_UNORM VK_IMAGE_TYPE_2D VK_IMAGE_TILING_OPTIMAL VK_IMAGE_USAGE_TRANSFER_DST_BIT, supportsExternalMemory? 1, requiresDedicated? 0
[0;39m[0;39mDEBUG   | Not Supported: VK_FORMAT_X8_D24_UNORM_PACK32 VK_IMAGE_TYPE_2D VK_IMAGE_TILING_OPTIMAL VK_IMAGE_USAGE_DEPTH_STENCIL_ATTACHMENT_BIT
[0;39m[0;39mDEBUG   | Not Supported: VK_FORMAT_X8_D24_UNORM_PACK32 VK_IMAGE_TYPE_2D VK_IMAGE_TILING_OPTIMAL VK_IMAGE_USAGE_INPUT_ATTACHMENT_BIT
[0;39m[0;39mDEBUG   | Not Supported: VK_FORMAT_X8_D24_UNORM_PACK32 VK_IMAGE_TYPE_2D VK_IMAGE_TILING_OPTIMAL VK_IMAGE_USAGE_SAMPLED_BIT
[0;39m[0;39mDEBUG   | Not Supported: VK_FORMAT_X8_D24_UNORM_PACK32 VK_IMAGE_TYPE_2D VK_IMAGE_TILING_OPTIMAL VK_IMAGE_USAGE_TRANSFER_SRC_BIT
[0;39m[0;39mDEBUG   | Not Supported: VK_FORMAT_X8_D24_UNORM_PACK32 VK_IMAGE_TYPE_2D VK_IMAGE_TILING_OPTIMAL VK_IMAGE_USAGE_TRANSFER_DST_BIT
[0;39m[0;39mDEBUG   | Not Supported: VK_FORMAT_D24_UNORM_S8_UINT VK_IMAGE_TYPE_2D VK_IMAGE_TILING_OPTIMAL VK_IMAGE_USAGE_DEPTH_STENCIL_ATTACHMENT_BIT
[0;39m[0;39mDEBUG   | Not Supported: VK_FORMAT_D24_UNORM_S8_UINT VK_IMAGE_TYPE_2D VK_IMAGE_TILING_OPTIMAL VK_IMAGE_USAGE_INPUT_ATTACHMENT_BIT
[0;39m[0;39mDEBUG   | Not Supported: VK_FORMAT_D24_UNORM_S8_UINT VK_IMAGE_TYPE_2D VK_IMAGE_TILING_OPTIMAL VK_IMAGE_USAGE_SAMPLED_BIT
[0;39m[0;39mDEBUG   | Not Supported: VK_FORMAT_D24_UNORM_S8_UINT VK_IMAGE_TYPE_2D VK_IMAGE_TILING_OPTIMAL VK_IMAGE_USAGE_TRANSFER_SRC_BIT
[0;39m[0;39mDEBUG   | Not Supported: VK_FORMAT_D24_UNORM_S8_UINT VK_IMAGE_TYPE_2D VK_IMAGE_TILING_OPTIMAL VK_IMAGE_USAGE_TRANSFER_DST_BIT
[0;39m[0;39mDEBUG   | Supported: VK_FORMAT_D32_SFLOAT VK_IMAGE_TYPE_2D VK_IMAGE_TILING_OPTIMAL VK_IMAGE_USAGE_DEPTH_STENCIL_ATTACHMENT_BIT, supportsExternalMemory? 1, requiresDedicated? 0
[0;39m[0;39mDEBUG   | Supported: VK_FORMAT_D32_SFLOAT VK_IMAGE_TYPE_2D VK_IMAGE_TILING_OPTIMAL VK_IMAGE_USAGE_INPUT_ATTACHMENT_BIT, supportsExternalMemory? 1, requiresDedicated? 0
[0;39m[0;39mDEBUG   | Supported: VK_FORMAT_D32_SFLOAT VK_IMAGE_TYPE_2D VK_IMAGE_TILING_OPTIMAL VK_IMAGE_USAGE_SAMPLED_BIT, supportsExternalMemory? 1, requiresDedicated? 0
[0;39m[0;39mDEBUG   | Supported: VK_FORMAT_D32_SFLOAT VK_IMAGE_TYPE_2D VK_IMAGE_TILING_OPTIMAL VK_IMAGE_USAGE_TRANSFER_SRC_BIT, supportsExternalMemory? 1, requiresDedicated? 0
[0;39m[0;39mDEBUG   | Supported: VK_FORMAT_D32_SFLOAT VK_IMAGE_TYPE_2D VK_IMAGE_TILING_OPTIMAL VK_IMAGE_USAGE_TRANSFER_DST_BIT, supportsExternalMemory? 1, requiresDedicated? 0
[0;39m[0;39mDEBUG   | Supported: VK_FORMAT_D32_SFLOAT_S8_UINT VK_IMAGE_TYPE_2D VK_IMAGE_TILING_OPTIMAL VK_IMAGE_USAGE_DEPTH_STENCIL_ATTACHMENT_BIT, supportsExternalMemory? 1, requiresDedicated? 0
[0;39m[0;39mDEBUG   | Supported: VK_FORMAT_D32_SFLOAT_S8_UINT VK_IMAGE_TYPE_2D VK_IMAGE_TILING_OPTIMAL VK_IMAGE_USAGE_INPUT_ATTACHMENT_BIT, supportsExternalMemory? 1, requiresDedicated? 0
[0;39m[0;39mDEBUG   | Supported: VK_FORMAT_D32_SFLOAT_S8_UINT VK_IMAGE_TYPE_2D VK_IMAGE_TILING_OPTIMAL VK_IMAGE_USAGE_SAMPLED_BIT, supportsExternalMemory? 1, requiresDedicated? 0
[0;39m[0;39mDEBUG   | Supported: VK_FORMAT_D32_SFLOAT_S8_UINT VK_IMAGE_TYPE_2D VK_IMAGE_TILING_OPTIMAL VK_IMAGE_USAGE_TRANSFER_SRC_BIT, supportsExternalMemory? 1, requiresDedicated? 0
[0;39m[0;39mDEBUG   | Supported: VK_FORMAT_D32_SFLOAT_S8_UINT VK_IMAGE_TYPE_2D VK_IMAGE_TILING_OPTIMAL VK_IMAGE_USAGE_TRANSFER_DST_BIT, supportsExternalMemory? 1, requiresDedicated? 0
[0;39m[0;39mINFO         | Selecting Vulkan device: SwiftShader Device (Subzero), Version: 1.3.0
[0;39m[0;39mDEBUG   | deviceInfo: 
hasGraphicsQueueFamily = 1
hasComputeQueueFamily = 1
supportsExternalMemoryImport = 1
supportsExternalMemoryExport = 1
supportsDriverProperties = 1
hasSamplerYcbcrConversionExtension = 1
supportsSamplerYcbcrConversion = 1
glInteropSupported = 0
[0;39m[0;39mDEBUG   | Vulkan logical device created and extension functions obtained.
[0;39m[0;39mDEBUG   | Vulkan device queue obtained.
[0;39m[0;39mVERBOSE | create: selected memory type index = 0, propertyFlags = 15, heapIndex = 0
[0;39m[0;39mVERBOSE | Vulkan global emulation state successfully initialized.
[0;39m[0;39mINFO         | Disabling sparse binding feature support
[0;39m[0;39mINFO         | SharedLibrary::open for [libGLESv2.so]: not found in map, open for the first time
[0;39m[0;39mINFO         | SharedLibrary::open for [libGLESv2.so] (posix): begin
[0;39m[0;39mINFO         | SharedLibrary::open for [libGLESv2.so] (posix,linux): call dlopen on [libGLESv2.so]
[0;39m[0;39mINFO         | SharedLibrary::open succeeded for [libGLESv2.so].
[0;39m[0;39mINFO         | SharedLibrary::open for [libEGL.so]: not found in map, open for the first time
[0;39m[0;39mINFO         | SharedLibrary::open for [libEGL.so] (posix): begin
[0;39m[0;39mINFO         | SharedLibrary::open for [libEGL.so] (posix,linux): call dlopen on [libEGL.so]
[0;39m[0;39mINFO         | SharedLibrary::open succeeded for [libEGL.so].
[0;39m[0;39mVERBOSE | EglOsEglDisplay: client exts: [EGL_KHR_create_context EGL_KHR_get_all_proc_addresses EGL_KHR_gl_texture_2D_image EGL_KHR_gl_texture_cubemap_image EGL_KHR_gl_renderbuffer_image EGL_KHR_fence_sync EGL_KHR_image_base EGL_ANDROID_framebuffer_target EGL_ANDROID_recordable]
[0;39m[0;39mINFO         | SharedLibrary::open for [libX11]
[0;39m[0;39mINFO         | SharedLibrary::open for [libX11]: not found in map, open for the first time
[0;39m[0;39mINFO         | SharedLibrary::open for [libX11] (posix): begin
[0;39m[0;39mINFO         | SharedLibrary::open for [libX11] (posix,linux): call dlopen on [libX11.so]
[0;39m[0;39mINFO         | SharedLibrary::open succeeded for [libX11].
[0;39m[0;39mDEBUG   | call eglInitialize
[0;39m[0;39mVERBOSE | queryConfigs: num configs: 75
[0;39m[0;39mVERBOSE | glGetTexLevelParameteriv not found
[0;39m[0;39mVERBOSE | glGetTexLevelParameterfv not found
[0;39m[0;39mVERBOSE | glPushAttrib not found
[0;39m[0;39mVERBOSE | glPushClientAttrib not found
[0;39m[0;39mVERBOSE | glPopAttrib not found
[0;39m[0;39mVERBOSE | glPopClientAttrib not found
[0;39m[0;39mVERBOSE | glAlphaFunc not found
[0;39m[0;39mVERBOSE | glBegin not found
[0;39m[0;39mVERBOSE | glClientActiveTexture not found
[0;39m[0;39mVERBOSE | glClipPlane not found
[0;39m[0;39mVERBOSE | glColor4d not found
[0;39m[0;39mVERBOSE | glColor4f not found
[0;39m[0;39mVERBOSE | glColor4fv not found
[0;39m[0;39mVERBOSE | glColor4ub not found
[0;39m[0;39mVERBOSE | glColor4ubv not found
[0;39m[0;39mVERBOSE | glColorPointer not found
[0;39m[0;39mVERBOSE | glDisableClientState not found
[0;39m[0;39mVERBOSE | glEnableClientState not found
[0;39m[0;39mVERBOSE | glEnd not found
[0;39m[0;39mVERBOSE | glFogf not found
[0;39m[0;39mVERBOSE | glFogfv not found
[0;39m[0;39mVERBOSE | glGetClipPlane not found
[0;39m[0;39mVERBOSE | glGetDoublev not found
[0;39m[0;39mVERBOSE | glGetLightfv not found
[0;39m[0;39mVERBOSE | glGetMaterialfv not found
[0;39m[0;39mVERBOSE | glGetPointerv not found
[0;39m[0;39mVERBOSE | glGetTexEnvfv not found
[0;39m[0;39mVERBOSE | glGetTexEnviv not found
[0;39m[0;39mVERBOSE | glLightf not found
[0;39m[0;39mVERBOSE | glLightfv not found
[0;39m[0;39mVERBOSE | glLightModelf not found
[0;39m[0;39mVERBOSE | glLightModelfv not found
[0;39m[0;39mVERBOSE | glLoadIdentity not found
[0;39m[0;39mVERBOSE | glLoadMatrixf not found
[0;39m[0;39mVERBOSE | glLogicOp not found
[0;39m[0;39mVERBOSE | glMaterialf not found
[0;39m[0;39mVERBOSE | glMaterialfv not found
[0;39m[0;39mVERBOSE | glMultiTexCoord2fv not found
[0;39m[0;39mVERBOSE | glMultiTexCoord2sv not found
[0;39m[0;39mVERBOSE | glMultiTexCoord3fv not found
[0;39m[0;39mVERBOSE | glMultiTexCoord3sv not found
[0;39m[0;39mVERBOSE | glMultiTexCoord4f not found
[0;39m[0;39mVERBOSE | glMultiTexCoord4fv not found
[0;39m[0;39mVERBOSE | glMultiTexCoord4sv not found
[0;39m[0;39mVERBOSE | glMultMatrixf not found
[0;39m[0;39mVERBOSE | glNormal3f not found
[0;39m[0;39mVERBOSE | glNormal3fv not found
[0;39m[0;39mVERBOSE | glNormal3sv not found
[0;39m[0;39mVERBOSE | glOrtho not found
[0;39m[0;39mVERBOSE | glPointParameterf not found
[0;39m[0;39mVERBOSE | glPointParameterfv not found
[0;39m[0;39mVERBOSE | glPointSize not found
[0;39m[0;39mVERBOSE | glRotatef not found
[0;39m[0;39mVERBOSE | glScalef not found
[0;39m[0;39mVERBOSE | glTexEnvf not found
[0;39m[0;39mVERBOSE | glTexEnvfv not found
[0;39m[0;39mVERBOSE | glMatrixMode not found
[0;39m[0;39mVERBOSE | glNormalPointer not found
[0;39m[0;39mVERBOSE | glPopMatrix not found
[0;39m[0;39mVERBOSE | glPushMatrix not found
[0;39m[0;39mVERBOSE | glShadeModel not found
[0;39m[0;39mVERBOSE | glTexCoordPointer not found
[0;39m[0;39mVERBOSE | glTexEnvi not found
[0;39m[0;39mVERBOSE | glTexEnviv not found
[0;39m[0;39mVERBOSE | glTranslatef not found
[0;39m[0;39mVERBOSE | glVertexPointer not found
[0;39m[0;39mVERBOSE | glClipPlanef not found
[0;39m[0;39mVERBOSE | glFrustumf not found
[0;39m[0;39mVERBOSE | glGetClipPlanef not found
[0;39m[0;39mVERBOSE | glOrthof not found
[0;39m[0;39mVERBOSE | glAlphaFuncx not found
[0;39m[0;39mVERBOSE | glClearColorx not found
[0;39m[0;39mVERBOSE | glClearDepthx not found
[0;39m[0;39mVERBOSE | glColor4x not found
[0;39m[0;39mVERBOSE | glDepthRangex not found
[0;39m[0;39mVERBOSE | glFogx not found
[0;39m[0;39mVERBOSE | glFogxv not found
[0;39m[0;39mVERBOSE | glFrustumx not found
[0;39m[0;39mVERBOSE | glClipPlanex not found
[0;39m[0;39mVERBOSE | glGetFixedv not found
[0;39m[0;39mVERBOSE | glGetLightxv not found
[0;39m[0;39mVERBOSE | glGetMaterialxv not found
[0;39m[0;39mVERBOSE | glGetTexEnvxv not found
[0;39m[0;39mVERBOSE | glGetTexParameterxv not found
[0;39m[0;39mVERBOSE | glLightModelx not found
[0;39m[0;39mVERBOSE | glLightModelxv not found
[0;39m[0;39mVERBOSE | glLightx not found
[0;39m[0;39mVERBOSE | glLightxv not found
[0;39m[0;39mVERBOSE | glLineWidthx not found
[0;39m[0;39mVERBOSE | glLoadMatrixx not found
[0;39m[0;39mVERBOSE | glMaterialx not found
[0;39m[0;39mVERBOSE | glMaterialxv not found
[0;39m[0;39mVERBOSE | glMultMatrixx not found
[0;39m[0;39mVERBOSE | glMultiTexCoord4x not found
[0;39m[0;39mVERBOSE | glNormal3x not found
[0;39m[0;39mVERBOSE | glOrthox not found
[0;39m[0;39mVERBOSE | glPointParameterx not found
[0;39m[0;39mVERBOSE | glPointParameterxv not found
[0;39m[0;39mVERBOSE | glPointSizex not found
[0;39m[0;39mVERBOSE | glPolygonOffsetx not found
[0;39m[0;39mVERBOSE | glRotatex not found
[0;39m[0;39mVERBOSE | glSampleCoveragex not found
[0;39m[0;39mVERBOSE | glScalex not found
[0;39m[0;39mVERBOSE | glTexEnvx not found
[0;39m[0;39mVERBOSE | glTexEnvxv not found
[0;39m[0;39mVERBOSE | glTexParameterx not found
[0;39m[0;39mVERBOSE | glTexParameterxv not found
[0;39m[0;39mVERBOSE | glTranslatex not found
[0;39m[0;39mVERBOSE | glGetClipPlanex not found
[0;39m[0;39mDEBUG   | vk icd software rendering, disable interop
[0;39m[0;39mDEBUG   | glvk interop final: 0
[0;39m[0;39mINFO         | Initializing VkEmulation features:
[0;39m[0;39mINFO         |     glInteropSupported: false
[0;39m[0;39mINFO         |     useDeferredCommands: true
[0;39m[0;39mINFO         |     createResourceWithRequirements: true
[0;39m[0;39mINFO         |     useVulkanComposition: false
[0;39m[0;39mINFO         |     useVulkanNativeSwapchain: false
[0;39m[0;39mINFO         |     enable guestRenderDoc: false
[0;39m[0;39mINFO         |     ASTC LDR emulation mode: Gpu
[0;39m[0;39mINFO         |     enable ETC2 emulation: true
[0;39m[0;39mINFO         |     enable Ycbcr emulation: false
[0;39m[0;39mINFO         |     guestVulkanOnly: false
[0;39m[0;39mINFO         |     useDedicatedAllocations: false
[0;39m[0;39mDEBUG   | ColorBuffer 4294967295, 64x64, VK_FORMAT_R8G8B8A8_UNORM, Memory [size: 16384, type: 0, props: 15 / 1]
[0;39m[0;39mDEBUG   | Representative ColorBuffer memory type using host memory type index 0 and guest memory type index :0
[0;39m[0;39mDEBUG   | Performing composition using CompositorGl.
[0;39m[0;39mINFO         | Graphics Adapter Vendor Google (Google Inc.)
[0;39m[0;39mINFO         | Graphics Adapter Android Emulator OpenGL ES Translator (Google SwiftShader)
[0;39m[0;39mINFO         | Graphics API Version OpenGL ES 3.0 (OpenGL ES 3.0 SwiftShader 4.0.0.1)
[0;39m[0;39mINFO         | Graphics API Extensions GL_OES_EGL_sync GL_OES_EGL_image GL_OES_EGL_image_external GL_OES_depth24 GL_OES_depth32 GL_OES_element_index_uint GL_OES_texture_float GL_OES_texture_float_linear GL_OES_compressed_paletted_texture GL_OES_compressed_ETC1_RGB8_texture GL_OES_depth_texture GL_OES_texture_half_float GL_OES_texture_half_float_linear GL_OES_packed_depth_stencil GL_OES_vertex_half_float GL_OES_standard_derivatives GL_OES_texture_npot GL_OES_rgb8_rgba8 GL_EXT_color_buffer_float GL_EXT_color_buffer_half_float GL_EXT_texture_format_BGRA8888 GL_APPLE_texture_format_BGRA8888 
[0;39m[0;39mINFO         | Graphics Device Extensions N/A
[0;39m[0;39mDEBUG   | OpenGL renderer initialized successfully
[0;39m[0;39mINFO         | Setting vsync to 60 hz
[0;39m[0;39mDEBUG   | CMD_SET_VSYNC_HZ
[0;39m[0;39mINFO         | Sending adb public key [QAAAAH2XLJ8rJv5jwKi75gf7gwDWCrdFwEkes8HrHZHtzjVVi20uBmxgWK7Muj5vmPhRX/bPPNN8+iHLoTCT0WxDcmbrDVfkKegeQLaKUnaj6BaMRWCKwAsHGsBXPtqqvu3MiXQjlnZZBAjo1pceSRkI6ib0xF+ZREX1Ni9Y2e+9Pq8q/IG7bv/4Sc96GT9ENUJzvZk0pAIrQ/fShnZxO/FAbBf5YblaZ5+ugppyzWx2TrssgxLga77ja21bkTiLA2n0LwEEY96yEawptlrwqMAwUTSLDCXLLrmlGk4Zh2o0TUfMapl1oELr5bKP1YyUVouwN6+OPXSCtGC1nJtKqfem/UevAQ2N9yox4w+7hFmfvW6AHXMP8fqkGXZ5EECbdXtCkkpEo2d+4cW0Pa0wmUX89n6+EgtZ8jc/vdq77fFUsmXpyZhFqrwcyEFQKxmLqQdBePaTEvE6l7DYqsNN2fZLI4x/wV1yAJKvzOAo057fqjWmD7BJ2bLoStcFzdXZZnslPwO3Z+/de+4EOnjNsKpXo0TYSyBISpJJbWSHk+US+EqPNazF27RUrVU1xWUIDdM8xpx46FpLbRvTrl0xYCiFHlQ2FX9+UgSrEzMitUwzbz3JU35Xi0ohFAiV/KX4J0yx9TFmMCQJrRalt+1rCxnVz6XF2RkKhUdGtVGF+Iaf+GyUzOkoRgEAAQA= @unknown]
[0;39m[0;39mINFO         | Userspace boot properties:
[0;39m[0;39mINFO         |   androidboot.boot_devices=pci0000:00/0000:00:03.0 pci0000:00/0000:00:06.0
[0;39m[0;39mINFO         |   androidboot.dalvik.vm.heapsize=512m
[0;39m[0;39mINFO         |   androidboot.debug.hwui.renderer=skiagl
[0;39m[0;39mINFO         |   androidboot.hardware=ranchu
[0;39m[0;39mINFO         |   androidboot.hardware.gltransport=pipe
[0;39m[0;39mINFO         |   androidboot.hardware.vulkan=ranchu
[0;39m[0;39mINFO         |   androidboot.logcat=*:V
[0;39m[0;39mINFO         |   androidboot.opengles.version=196608
[0;39m[0;39mINFO         |   androidboot.qemu=1
[0;39m[0;39mINFO         |   androidboot.qemu.adb.pubkey=QAAAAH2XLJ8rJv5jwKi75gf7gwDWCrdFwEkes8HrHZHtzjVVi20uBmxgWK7Muj5vmPhRX/bPPNN8+iHLoTCT0WxDcmbrDVfkKegeQLaKUnaj6BaMRWCKwAsHGsBXPtqqvu3MiXQjlnZZBAjo1pceSRkI6ib0xF+ZREX1Ni9Y2e+9Pq8q/IG7bv/4Sc96GT9ENUJzvZk0pAIrQ/fShnZxO/FAbBf5YblaZ5+ugppyzWx2TrssgxLga77ja21bkTiLA2n0LwEEY96yEawptlrwqMAwUTSLDCXLLrmlGk4Zh2o0TUfMapl1oELr5bKP1YyUVouwN6+OPXSCtGC1nJtKqfem/UevAQ2N9yox4w+7hFmfvW6AHXMP8fqkGXZ5EECbdXtCkkpEo2d+4cW0Pa0wmUX89n6+EgtZ8jc/vdq77fFUsmXpyZhFqrwcyEFQKxmLqQdBePaTEvE6l7DYqsNN2fZLI4x/wV1yAJKvzOAo057fqjWmD7BJ2bLoStcFzdXZZnslPwO3Z+/de+4EOnjNsKpXo0TYSyBISpJJbWSHk+US+EqPNazF27RUrVU1xWUIDdM8xpx46FpLbRvTrl0xYCiFHlQ2FX9+UgSrEzMitUwzbz3JU35Xi0ohFAiV/KX4J0yx9TFmMCQJrRalt+1rCxnVz6XF2RkKhUdGtVGF+Iaf+GyUzOkoRgEAAQA= @unknown
[0;39m[0;39mINFO         |   androidboot.qemu.avd_name=test
[0;39m[0;39mINFO         |   androidboot.qemu.camera_hq_edge_processing=0
[0;39m[0;39mINFO         |   androidboot.qemu.camera_protocol_ver=1
[0;39m[0;39mINFO         |   androidboot.qemu.cpuvulkan.version=4202496
[0;39m[0;39mINFO         |   androidboot.qemu.gltransport.drawFlushInterval=800
[0;39m[0;39mINFO         |   androidboot.qemu.gltransport.name=pipe
[0;39m[0;39mINFO         |   androidboot.qemu.hwcodec.avcdec=2
[0;39m[0;39mINFO         |   androidboot.qemu.hwcodec.hevcdec=2
[0;39m[0;39mINFO         |   androidboot.qemu.hwcodec.vpxdec=2
[0;39m[0;39mINFO         |   androidboot.qemu.settings.system.screen_off_timeout=2147483647
[0;39m[0;39mINFO         |   androidboot.qemu.virtiowifi=1
[0;39m[0;39mINFO         |   androidboot.qemu.vsync=60
[0;39m[0;39mINFO         |   androidboot.serialno=EMULATOR36X2X12X0
[0;39m[0;39mINFO         |   androidboot.vbmeta.digest=cc2acf6c582b63336b71fe51ed136e1a7a577e9e868ae7ba916ef6b3965324e5
[0;39m[0;39mINFO         |   androidboot.vbmeta.hash_alg=sha256
[0;39m[0;39mINFO         |   androidboot.vbmeta.size=6592
[0;39m[0;39mINFO         |   androidboot.veritymode=enforcing
[0;39m[0;39mINFO         | Android bootconfig:
[0;39m[0;39mINFO         |   androidboot.boot_devices="pci0000:00/0000:00:03.0 pci0000:00/0000:00:06.0"
[0;39m[0;39mINFO         |   androidboot.dalvik.vm.heapsize="512m"
[0;39m[0;39mINFO         |   androidboot.debug.hwui.renderer="skiagl"
[0;39m[0;39mINFO         |   androidboot.hardware="ranchu"
[0;39m[0;39mINFO         |   androidboot.hardware.gltransport="pipe"
[0;39m[0;39mINFO         |   androidboot.hardware.vulkan="ranchu"
[0;39m[0;39mINFO         |   androidboot.logcat="*:V"
[0;39m[0;39mINFO         |   androidboot.opengles.version="196608"
[0;39m[0;39mINFO         |   androidboot.qemu="1"
[0;39m[0;39mINFO         |   androidboot.qemu.adb.pubkey="QAAAAH2XLJ8rJv5jwKi75gf7gwDWCrdFwEkes8HrHZHtzjVVi20uBmxgWK7Muj5vmPhRX/bPPNN8+iHLoTCT0WxDcmbrDVfkKegeQLaKUnaj6BaMRWCKwAsHGsBXPtqqvu3MiXQjlnZZBAjo1pceSRkI6ib0xF+ZREX1Ni9Y2e+9Pq8q/IG7bv/4Sc96GT9ENUJzvZk0pAIrQ/fShnZxO/FAbBf5YblaZ5+ugppyzWx2TrssgxLga77ja21bkTiLA2n0LwEEY96yEawptlrwqMAwUTSLDCXLLrmlGk4Zh2o0TUfMapl1oELr5bKP1YyUVouwN6+OPXSCtGC1nJtKqfem/UevAQ2N9yox4w+7hFmfvW6AHXMP8fqkGXZ5EECbdXtCkkpEo2d+4cW0Pa0wmUX89n6+EgtZ8jc/vdq77fFUsmXpyZhFqrwcyEFQKxmLqQdBePaTEvE6l7DYqsNN2fZLI4x/wV1yAJKvzOAo057fqjWmD7BJ2bLoStcFzdXZZnslPwO3Z+/de+4EOnjNsKpXo0TYSyBISpJJbWSHk+US+EqPNazF27RUrVU1xWUIDdM8xpx46FpLbRvTrl0xYCiFHlQ2FX9+UgSrEzMitUwzbz3JU35Xi0ohFAiV/KX4J0yx9TFmMCQJrRalt+1rCxnVz6XF2RkKhUdGtVGF+Iaf+GyUzOkoRgEAAQA= @unknown"
[0;39m[0;39mINFO         |   androidboot.qemu.avd_name="test"
[0;39m[0;39mINFO         |   androidboot.qemu.camera_hq_edge_processing="0"
[0;39m[0;39mINFO         |   androidboot.qemu.camera_protocol_ver="1"
[0;39m[0;39mINFO         |   androidboot.qemu.cpuvulkan.version="4202496"
[0;39m[0;39mINFO         |   androidboot.qemu.gltransport.drawFlushInterval="800"
[0;39m[0;39mINFO         |   androidboot.qemu.gltransport.name="pipe"
[0;39m[0;39mINFO         |   androidboot.qemu.hwcodec.avcdec="2"
[0;39m[0;39mINFO         |   androidboot.qemu.hwcodec.hevcdec="2"
[0;39m[0;39mINFO         |   androidboot.qemu.hwcodec.vpxdec="2"
[0;39m[0;39mINFO         |   androidboot.qemu.settings.system.screen_off_timeout="2147483647"
[0;39m[0;39mINFO         |   androidboot.qemu.virtiowifi="1"
[0;39m[0;39mINFO         |   androidboot.qemu.vsync="60"
[0;39m[0;39mINFO         |   androidboot.serialno="EMULATOR36X2X12X0"
[0;39m[0;39mINFO         |   androidboot.vbmeta.digest="cc2acf6c582b63336b71fe51ed136e1a7a577e9e868ae7ba916ef6b3965324e5"
[0;39m[0;39mINFO         |   androidboot.vbmeta.hash_alg="sha256"
[0;39m[0;39mINFO         |   androidboot.vbmeta.size="6592"
[0;39m[0;39mINFO         |   androidboot.veritymode="enforcing"
[0;39m[0;39mDEBUG   | Exited a loader RenderThread @0x5594489fab60
[0;39m[0;39mDEBUG   | Found 1 DNS servers:
[0;39m[0;39mDEBUG   | 	172.17.0.1
[0;39m[0;39mINFO         | Content of hardware configuration file:
[0;39m[0;39mINFO         | 	hw.cpu.arch = x86_64
[0;39m[0;39mINFO         | 	hw.cpu.ncore = 4
[0;39m[0;39mINFO         | 	hw.ramSize = 2048
[0;39m[0;39mINFO         | 	hw.screen = multi-touch
[0;39m[0;39mINFO         | 	hw.mainKeys = true
[0;39m[0;39mINFO         | 	hw.touchpad0 = false
[0;39m[0;39mINFO         | 	hw.touchpad0.width = 600
[0;39m[0;39mINFO         | 	hw.touchpad0.height = 400
[0;39m[0;39mINFO         | 	hw.trackBall = true
[0;39m[0;39mINFO         | 	hw.keyboard = false
[0;39m[0;39mINFO         | 	hw.keyboard.lid = true
[0;39m[0;39mINFO         | 	hw.keyboard.charmap = qwerty2
[0;39m[0;39mINFO         | 	hw.dPad = true
[0;39m[0;39mINFO         | 	hw.rotaryInput = false
[0;39m[0;39mINFO         | 	hw.gsmModem = true
[0;39m[0;39mINFO         | 	hw.gps = true
[0;39m[0;39mINFO         | 	hw.battery = true
[0;39m[0;39mINFO         | 	hw.accelerometer = true
[0;39m[0;39mINFO         | 	hw.accelerometer_uncalibrated = true
[0;39m[0;39mINFO         | 	hw.gyroscope = true
[0;39m[0;39mINFO         | 	hw.audioInput = true
[0;39m[0;39mINFO         | 	hw.audioOutput = true
[0;39m[0;39mINFO         | 	hw.sdCard = true
[0;39m[0;39mINFO         | 	disk.cachePartition = true
[0;39m[0;39mINFO         | 	disk.cachePartition.path = /root/.android/avd/../avd/test.avd/cache.img
[0;39m[0;39mINFO         | 	disk.cachePartition.size = 66m
[0;39m[0;39mINFO         | 	test.quitAfterBootTimeOut = -1
[0;39m[0;39mINFO         | 	test.delayAdbTillBootComplete = 0
[0;39m[0;39mINFO         | 	test.monitorAdb = 0
[0;39m[0;39mINFO         | 	hw.lcd.width = 320
[0;39m[0;39mINFO         | 	hw.lcd.height = 640
[0;39m[0;39mINFO         | 	hw.lcd.depth = 16
[0;39m[0;39mINFO         | 	hw.lcd.circular = false
[0;39m[0;39mINFO         | 	hw.lcd.density = 160
[0;39m[0;39mINFO         | 	hw.lcd.backlight = true
[0;39m[0;39mINFO         | 	hw.lcd.vsync = 60
[0;39m[0;39mINFO         | 	hw.gltransport = pipe
[0;39m[0;39mINFO         | 	hw.gltransport.asg.writeBufferSize = 1048576
[0;39m[0;39mINFO         | 	hw.gltransport.asg.writeStepSize = 4096
[0;39m[0;39mINFO         | 	hw.gltransport.asg.dataRingSize = 32768
[0;39m[0;39mINFO         | 	hw.gltransport.drawFlushInterval = 800
[0;39m[0;39mINFO         | 	hw.displayRegion.0.1.xOffset = -1
[0;39m[0;39mINFO         | 	hw.displayRegion.0.1.yOffset = -1
[0;39m[0;39mINFO         | 	hw.displayRegion.0.1.width = 0
[0;39m[0;39mINFO         | 	hw.displayRegion.0.1.height = 0
[0;39m[0;39mINFO         | 	hw.displayRegion.0.2.xOffset = -1
[0;39m[0;39mINFO         | 	hw.displayRegion.0.2.yOffset = -1
[0;39m[0;39mINFO         | 	hw.displayRegion.0.2.width = 0
[0;39m[0;39mINFO         | 	hw.displayRegion.0.2.height = 0
[0;39m[0;39mINFO         | 	hw.displayRegion.0.3.xOffset = -1
[0;39m[0;39mINFO         | 	hw.displayRegion.0.3.yOffset = -1
[0;39m[0;39mINFO         | 	hw.displayRegion.0.3.width = 0
[0;39m[0;39mINFO         | 	hw.displayRegion.0.3.height = 0
[0;39m[0;39mINFO         | 	hw.display1.width = 0
[0;39m[0;39mINFO         | 	hw.display1.height = 0
[0;39m[0;39mINFO         | 	hw.display1.density = 0
[0;39m[0;39mINFO         | 	hw.display1.xOffset = -1
[0;39m[0;39mINFO         | 	hw.display1.yOffset = -1
[0;39m[0;39mINFO         | 	hw.display1.flag = 0
[0;39m[0;39mINFO         | 	hw.display2.width = 0
[0;39m[0;39mINFO         | 	hw.display2.height = 0
[0;39m[0;39mINFO         | 	hw.display2.density = 0
[0;39m[0;39mINFO         | 	hw.display2.xOffset = -1
[0;39m[0;39mINFO         | 	hw.display2.yOffset = -1
[0;39m[0;39mINFO         | 	hw.display2.flag = 0
[0;39m[0;39mINFO         | 	hw.display3.width = 0
[0;39m[0;39mINFO         | 	hw.display3.height = 0
[0;39m[0;39mINFO         | 	hw.display3.density = 0
[0;39m[0;39mINFO         | 	hw.display3.xOffset = -1
[0;39m[0;39mINFO         | 	hw.display3.yOffset = -1
[0;39m[0;39mINFO         | 	hw.display3.flag = 0
[0;39m[0;39mINFO         | 	hw.multi_display_window = false
[0;39m[0;39mINFO         | 	hw.hotplug_multi_display = false
[0;39m[0;39mINFO         | 	hw.gpu.enabled = true
[0;39m[0;39mINFO         | 	hw.gpu.mode = swiftshader_indirect
[0;39m[0;39mINFO         | 	hw.initialOrientation = portrait
[0;39m[0;39mINFO         | 	hw.camera.back = emulated
[0;39m[0;39mINFO         | 	hw.camera.front = none
[0;39m[0;39mINFO         | 	vm.heapSize = 512
[0;39m[0;39mINFO         | 	hw.sensors.light = true
[0;39m[0;39mINFO         | 	hw.sensors.pressure = true
[0;39m[0;39mINFO         | 	hw.sensors.humidity = true
[0;39m[0;39mINFO         | 	hw.sensors.proximity = true
[0;39m[0;39mINFO         | 	hw.sensors.magnetic_field = true
[0;39m[0;39mINFO         | 	hw.sensors.magnetic_field_uncalibrated = true
[0;39m[0;39mINFO         | 	hw.sensors.gyroscope_uncalibrated = true
[0;39m[0;39mINFO         | 	hw.sensors.orientation = true
[0;39m[0;39mINFO         | 	hw.sensors.temperature = true
[0;39m[0;39mINFO         | 	hw.sensors.rgbclight = false
[0;39m[0;39mINFO         | 	hw.sensor.hinge = false
[0;39m[0;39mINFO         | 	hw.sensor.hinge.count = 0
[0;39m[0;39mINFO         | 	hw.sensor.hinge.type = 0
[0;39m[0;39mINFO         | 	hw.sensor.hinge.sub_type = 0
[0;39m[0;39mINFO         | 	hw.sensor.hinge.resizable.config = 1
[0;39m[0;39mINFO         | 	hw.sensor.hinge.fold_to_displayRegion.0.1_at_posture = 1
[0;39m[0;39mINFO         | 	hw.sensor.roll = false
[0;39m[0;39mINFO         | 	hw.sensor.roll.count = 0
[0;39m[0;39mINFO         | 	hw.sensor.roll.resize_to_displayRegion.0.1_at_posture = 6
[0;39m[0;39mINFO         | 	hw.sensor.roll.resize_to_displayRegion.0.2_at_posture = 6
[0;39m[0;39mINFO         | 	hw.sensor.roll.resize_to_displayRegion.0.3_at_posture = 6
[0;39m[0;39mINFO         | 	hw.sensors.heart_rate = false
[0;39m[0;39mINFO         | 	hw.sensors.wrist_tilt = false
[0;39m[0;39mINFO         | 	hw.sensors.heading = false
[0;39m[0;39mINFO         | 	hw.useext4 = true
[0;39m[0;39mINFO         | 	hw.arc = false
[0;39m[0;39mINFO         | 	hw.arc.autologin = false
[0;39m[0;39mINFO         | 	kernel.path = /opt/android-sdk/system-images/android-33/google_apis/x86_64//kernel-ranchu
[0;39m[0;39mINFO         | 	kernel.newDeviceNaming = yes
[0;39m[0;39mINFO         | 	kernel.supportsYaffs2 = no
[0;39m[0;39mINFO         | 	disk.ramdisk.path = /opt/android-sdk/system-images/android-33/google_apis/x86_64//ramdisk.img
[0;39m[0;39mINFO         | 	disk.systemPartition.initPath = /opt/android-sdk/system-images/android-33/google_apis/x86_64//system.img
[0;39m[0;39mINFO         | 	disk.systemPartition.size = 8203m
[0;39m[0;39mINFO         | 	disk.vendorPartition.initPath = /opt/android-sdk/system-images/android-33/google_apis/x86_64//vendor.img
[0;39m[0;39mINFO         | 	disk.vendorPartition.size = 800m
[0;39m[0;39mINFO         | 	disk.dataPartition.path = /root/.android/avd/../avd/test.avd/userdata-qemu.img
[0;39m[0;39mINFO         | 	disk.dataPartition.initPath = /root/.android/avd/../avd/test.avd/userdata.img
[0;39m[0;39mINFO         | 	disk.dataPartition.size = 6g
[0;39m[0;39mINFO         | 	disk.encryptionKeyPartition.path = /root/.android/avd/../avd/test.avd/encryptionkey.img
[0;39m[0;39mINFO         | 	PlayStore.enabled = false
[0;39m[0;39mINFO         | 	avd.name = test
[0;39m[0;39mINFO         | 	avd.id = test
[0;39m[0;39mINFO         | 	fastboot.forceColdBoot = false
[0;39m[0;39mINFO         | 	userdata.useQcow2 = true
[0;39m[0;39mINFO         | 	firstboot.bootFromDownloadableSnapshot = true
[0;39m[0;39mINFO         | 	firstboot.bootFromLocalSnapshot = true
[0;39m[0;39mINFO         | 	firstboot.saveToLocalSnapshot = true
[0;39m[0;39mINFO         | 	android.sdk.root = /opt/android-sdk
[0;39m[0;39mINFO         | 	android.avd.home = /root/.android/avd
[0;39m[0;39mINFO         | .
[0;39m[0;39mINFO         | QEMU options list:
[0;39m[0;39mINFO         | 	 argv[00] = "/opt/android-sdk/emulator/qemu/linux-x86_64/qemu-system-x86_64-headless"
[0;39m[0;39mINFO         | 	 argv[01] = "-dns-server"
[0;39m[0;39mINFO         | 	 argv[02] = "172.17.0.1"
[0;39m[0;39mINFO         | 	 argv[03] = "-serial"
[0;39m[0;39mINFO         | 	 argv[04] = "null"
[0;39m[0;39mINFO         | 	 argv[05] = "-device"
[0;39m[0;39mINFO         | 	 argv[06] = "goldfish_pstore,addr=0xff018000,size=0x10000,file=/root/.android/avd/../avd/test.avd/data/misc/pstore/pstore.bin"
[0;39m[0;39mINFO         | 	 argv[07] = "-cpu"
[0;39m[0;39mINFO         | 	 argv[08] = "android64"
[0;39m[0;39mINFO         | 	 argv[09] = "-enable-kvm"
[0;39m[0;39mINFO         | 	 argv[10] = "-smp"
[0;39m[0;39mINFO         | 	 argv[11] = "cores=4"
[0;39m[0;39mINFO         | 	 argv[12] = "-m"
[0;39m[0;39mINFO         | 	 argv[13] = "2048"
[0;39m[0;39mINFO         | 	 argv[14] = "-lcd-density"
[0;39m[0;39mINFO         | 	 argv[15] = "160"
[0;39m[0;39mINFO         | 	 argv[16] = "-object"
[0;39m[0;39mINFO         | 	 argv[17] = "iothread,id=disk-iothread"
[0;39m[0;39mINFO         | 	 argv[18] = "-nodefaults"
[0;39m[0;39mINFO         | 	 argv[19] = "-kernel"
[0;39m[0;39mINFO         | 	 argv[20] = "/opt/android-sdk/system-images/android-33/google_apis/x86_64//kernel-ranchu"
[0;39m[0;39mINFO         | 	 argv[21] = "-initrd"
[0;39m[0;39mINFO         | 	 argv[22] = "/root/.android/avd/../avd/test.avd/initrd"
[0;39m[0;39mINFO         | 	 argv[23] = "-drive"
[0;39m[0;39mINFO         | 	 argv[24] = "if=none,index=0,id=system,if=none,file=/opt/android-sdk/system-images/android-33/google_apis/x86_64//system.img,read-only"
[0;39m[0;39mINFO         | 	 argv[25] = "-device"
[0;39m[0;39mINFO         | 	 argv[26] = "virtio-blk-pci,drive=system,iothread=disk-iothread,modern-pio-notify"
[0;39m[0;39mINFO         | 	 argv[27] = "-drive"
[0;39m[0;39mINFO         | 	 argv[28] = "if=none,index=1,id=cache,if=none,file=/root/.android/avd/../avd/test.avd/cache.img.qcow2,overlap-check=none,cache=unsafe,l2-cache-size=1048576"
[0;39m[0;39mINFO         | 	 argv[29] = "-device"
[0;39m[0;39mINFO         | 	 argv[30] = "virtio-blk-pci,drive=cache,iothread=disk-iothread,modern-pio-notify"
[0;39m[0;39mINFO         | 	 argv[31] = "-drive"
[0;39m[0;39mINFO         | 	 argv[32] = "if=none,index=2,id=userdata,if=none,file=/root/.android/avd/../avd/test.avd/userdata-qemu.img.qcow2,overlap-check=none,cache=unsafe,l2-cache-size=1048576"
[0;39m[0;39mINFO         | 	 argv[33] = "-device"
[0;39m[0;39mINFO         | 	 argv[34] = "virtio-blk-pci,drive=userdata,iothread=disk-iothread,modern-pio-notify"
[0;39m[0;39mINFO         | 	 argv[35] = "-drive"
[0;39m[0;39mINFO         | 	 argv[36] = "if=none,index=3,id=encrypt,if=none,file=/root/.android/avd/../avd/test.avd/encryptionkey.img.qcow2,overlap-check=none,cache=unsafe,l2-cache-size=1048576"
[0;39m[0;39mINFO         | 	 argv[37] = "-device"
[0;39m[0;39mINFO         | 	 argv[38] = "virtio-blk-pci,drive=encrypt,iothread=disk-iothread,modern-pio-notify"
[0;39m[0;39mINFO         | 	 argv[39] = "-drive"
[0;39m[0;39mINFO         | 	 argv[40] = "if=none,index=4,id=vendor,if=none,file=/opt/android-sdk/system-images/android-33/google_apis/x86_64//vendor.img,read-only"
[0;39m[0;39mINFO         | 	 argv[41] = "-device"
[0;39m[0;39mINFO         | 	 argv[42] = "virtio-blk-pci,drive=vendor,iothread=disk-iothread,modern-pio-notify"
[0;39m[0;39mINFO         | 	 argv[43] = "-netdev"
[0;39m[0;39mINFO         | 	 argv[44] = "user,id=mynet"
[0;39m[0;39mINFO         | 	 argv[45] = "-device"
[0;39m[0;39mINFO         | 	 argv[46] = "virtio-net-pci,netdev=mynet"
[0;39m[0;39mINFO         | 	 argv[47] = "-chardev"
[0;39m[0;39mINFO         | 	 argv[48] = "null,id=forhvc0"
[0;39m[0;39mINFO         | 	 argv[49] = "-chardev"
[0;39m[0;39mINFO         | 	 argv[50] = "null,id=forhvc1"
[0;39m[0;39mINFO         | 	 argv[51] = "-device"
[0;39m[0;39mINFO         | 	 argv[52] = "virtio-serial-pci,ioeventfd=off"
[0;39m[0;39mINFO         | 	 argv[53] = "-device"
[0;39m[0;39mINFO         | 	 argv[54] = "virtconsole,chardev=forhvc0"
[0;39m[0;39mINFO         | 	 argv[55] = "-device"
[0;39m[0;39mINFO         | 	 argv[56] = "virtconsole,chardev=forhvc1"
[0;39m[0;39mINFO         | 	 argv[57] = "-chardev"
[0;39m[0;39mINFO         | 	 argv[58] = "netsim,id=bluetooth"
[0;39m[0;39mINFO         | 	 argv[59] = "-device"
[0;39m[0;39mINFO         | 	 argv[60] = "virtserialport,chardev=bluetooth,name=bluetooth"
[0;39m[0;39mINFO         | 	 argv[61] = "-device"
[0;39m[0;39mINFO         | 	 argv[62] = "virtio-serial,ioeventfd=off"
[0;39m[0;39mINFO         | 	 argv[63] = "-chardev"
[0;39m[0;39mINFO         | 	 argv[64] = "socket,port=46267,host=::1,nowait,nodelay,reconnect=10,ipv6,id=modem"
[0;39m[0;39mINFO         | 	 argv[65] = "-device"
[0;39m[0;39mINFO         | 	 argv[66] = "virtserialport,chardev=modem,name=modem"
[0;39m[0;39mINFO         | 	 argv[67] = "-device"
[0;39m[0;39mINFO         | 	 argv[68] = "virtio-rng-pci"
[0;39m[0;39mINFO         | 	 argv[69] = "-show-cursor"
[0;39m[0;39mINFO         | 	 argv[70] = "-device"
[0;39m[0;39mINFO         | 	 argv[71] = "virtio_input_multi_touch_pci_1"
[0;39m[0;39mINFO         | 	 argv[72] = "-device"
[0;39m[0;39mINFO         | 	 argv[73] = "virtio_input_multi_touch_pci_2"
[0;39m[0;39mINFO         | 	 argv[74] = "-device"
[0;39m[0;39mINFO         | 	 argv[75] = "virtio_input_multi_touch_pci_3"
[0;39m[0;39mINFO         | 	 argv[76] = "-device"
[0;39m[0;39mINFO         | 	 argv[77] = "virtio_input_multi_touch_pci_4"
[0;39m[0;39mINFO         | 	 argv[78] = "-device"
[0;39m[0;39mINFO         | 	 argv[79] = "virtio_input_multi_touch_pci_5"
[0;39m[0;39mINFO         | 	 argv[80] = "-device"
[0;39m[0;39mINFO         | 	 argv[81] = "virtio_input_multi_touch_pci_6"
[0;39m[0;39mINFO         | 	 argv[82] = "-device"
[0;39m[0;39mINFO         | 	 argv[83] = "virtio_input_multi_touch_pci_7"
[0;39m[0;39mINFO         | 	 argv[84] = "-device"
[0;39m[0;39mINFO         | 	 argv[85] = "virtio_input_multi_touch_pci_8"
[0;39m[0;39mINFO         | 	 argv[86] = "-device"
[0;39m[0;39mINFO         | 	 argv[87] = "virtio_input_multi_touch_pci_9"
[0;39m[0;39mINFO         | 	 argv[88] = "-device"
[0;39m[0;39mINFO         | 	 argv[89] = "virtio_input_multi_touch_pci_10"
[0;39m[0;39mINFO         | 	 argv[90] = "-device"
[0;39m[0;39mINFO         | 	 argv[91] = "virtio_input_multi_touch_pci_11"
[0;39m[0;39mINFO         | 	 argv[92] = "-netdev"
[0;39m[0;39mINFO         | 	 argv[93] = "user,id=virtio-wifi,dhcpstart=10.0.2.16"
[0;39m[0;39mINFO         | 	 argv[94] = "-device"
[0;39m[0;39mINFO         | 	 argv[95] = "virtio-wifi-pci,netdev=virtio-wifi"
[0;39m[0;39mINFO         | 	 argv[96] = "-device"
[0;39m[0;39mINFO         | 	 argv[97] = "virtio-vsock-pci,guest-cid=77"
[0;39m[0;39mINFO         | 	 argv[98] = "-L"
[0;39m[0;39mINFO         | 	 argv[99] = "/opt/android-sdk/emulator/lib/pc-bios"
[0;39m[0;39mINFO         | 	 argv[100] = "-soundhw"
[0;39m[0;39mINFO         | 	 argv[101] = "virtio-snd-pci"
[0;39m[0;39mINFO         | 	 argv[102] = "-vga"
[0;39m[0;39mINFO         | 	 argv[103] = "none"
[0;39m[0;39mINFO         | 	 argv[104] = "-vnc"
[0;39m[0;39mINFO         | 	 argv[105] = ":1"
[0;39m[0;39mINFO         | 	 argv[106] = "-append"
[0;39m[0;39mINFO         | 	 argv[107] = "8250.nr_uarts=1 clocksource=pit no_timer_check console=0 loop.max_part=7 ramoops.mem_address=0xff018000 ramoops.mem_size=0x10000 memmap=0x10000$0xff018000 printk.devkmsg=on bootconfig"
[0;39m[0;39mINFO         | 	 argv[108] = "-android-hw"
[0;39m[0;39mINFO         | 	 argv[109] = "/root/.android/avd/../avd/test.avd/hardware-qemu.ini"
[0;39m[0;39mINFO         | Concatenated QEMU options: /opt/android-sdk/emulator/qemu/linux-x86_64/qemu-system-x86_64-headless -dns-server 172.17.0.1 -serial null -device goldfish_pstore,addr=0xff018000,size=0x10000,file=/root/.android/avd/../avd/test.avd/data/misc/pstore/pstore.bin -cpu android64 -enable-kvm -smp cores=4 -m 2048 -lcd-density 160 -object iothread,id=disk-iothread -nodefaults -kernel /opt/android-sdk/system-images/android-33/google_apis/x86_64//kernel-ranchu -initrd /root/.android/avd/../avd/test.avd/initrd -drive if=none,index=0,id=system,if=none,file=/opt/android-sdk/system-images/android-33/google_apis/x86_64//system.img,read-only -device virtio-blk-pci,drive=system,iothread=disk-iothread,modern-pio-notify -drive if=none,index=1,id=cache,if=none,file=/root/.android/avd/../avd/test.avd/cache.img.qcow2,overlap-check=none,cache=unsafe,l2-cache-size=1048576 -device virtio-blk-pci,drive=cache,iothread=disk-iothread,modern-pio-notify -drive if=none,index=2,id=userdata,if=none,file=/root/.android/avd/../avd/test.avd/userdata-qemu.img.qcow2,overlap-check=none,cache=unsafe,l2-cache-size=1048576 -device virtio-blk-pci,drive=userdata,iothread=disk-iothread,modern-pio-notify -drive if=none,index=3,id=encrypt,if=none,file=/root/.android/avd/../avd/test.avd/encryptionkey.img.qcow2,overlap-check=none,cache=unsafe,l2-cache-size=1048576 -device virtio-blk-pci,drive=encrypt,iothread=disk-iothread,modern-pio-notify -drive if=none,index=4,id=vendor,if=none,file=/opt/android-sdk/system-images/android-33/google_apis/x86_64//vendor.img,read-only -device virtio-blk-pci,drive=vendor,iothread=disk-iothread,modern-pio-notify -netdev user,id=mynet -device virtio-net-pci,netdev=mynet -chardev null,id=forhvc0 -chardev null,id=forhvc1 -device virtio-serial-pci,ioeventfd=off -device virtconsole,chardev=forhvc0 -device virtconsole,chardev=forhvc1 -chardev netsim,id=bluetooth -device virtserialport,chardev=bluetooth,name=bluetooth -device virtio-serial,ioeventfd=off -chardev socket,port=46267,host=::1,nowait,nodelay,reconnect=10,ipv6,id=modem -device virtserialport,chardev=modem,name=modem -device virtio-rng-pci -show-cursor -device virtio_input_multi_touch_pci_1 -device virtio_input_multi_touch_pci_2 -device virtio_input_multi_touch_pci_3 -device virtio_input_multi_touch_pci_4 -device virtio_input_multi_touch_pci_5 -device virtio_input_multi_touch_pci_6 -device virtio_input_multi_touch_pci_7 -device virtio_input_multi_touch_pci_8 -device virtio_input_multi_touch_pci_9 -device virtio_input_multi_touch_pci_10 -device virtio_input_multi_touch_pci_11 -netdev user,id=virtio-wifi,dhcpstart=10.0.2.16 -device virtio-wifi-pci,netdev=virtio-wifi -device virtio-vsock-pci,guest-cid=77 -L /opt/android-sdk/emulator/lib/pc-bios -soundhw virtio-snd-pci -vga none -vnc :1 -append '8250.nr_uarts=1 clocksource=pit no_timer_check console=0 loop.max_part=7 ramoops.mem_address=0xff018000 ramoops.mem_size=0x10000 memmap=0x10000$0xff018000 printk.devkmsg=on bootconfig' -android-hw /root/.android/avd/../avd/test.avd/hardware-qemu.ini
[0;39m[0;39mDEBUG   | Android qemu version 36.2.12.0 (build_id 14214601) (CL:N/A)
[0;39m[0;39mDEBUG   | Starting QEMU main loop
[0;39m[0;39mDEBUG   | registered 'boot-properties' qemud service
[0;39m[0;39mDEBUG   | Adding boot property: 'ro.opengles.version' = '196608'
qemu-system-x86_64-headless: VNC supports only guest GPU, add "-gpu guest" option
[0;39m[33mWARNING      | QEMU main loop exits abnormally with code 1
[0;39m[0;39mINFO         | Wait for emulator (pid 1) 10 seconds to shutdown gracefully before kill;you can set environment variable ANDROID_EMULATOR_WAIT_TIME_BEFORE_KILL(in seconds) to change the default value (20 seconds)

[0;39m[0;39mINFO         | Wait for emulator (pid 1) 20 seconds to shutdown gracefully before kill;you can set environment variable ANDROID_EMULATOR_WAIT_TIME_BEFORE_KILL(in seconds) to change the default value (20 seconds)

[0;39m[0;39mDEBUG   | User configuration saved to /root/.android/avd/../avd/test.avd/emulator-user.ini
[0;39m[0;39mDEBUG   | sending STOP to modem simulator host server
[0;39m[0;39mDEBUG   | received exit request from parent process
[0;39m[0;39mDEBUG   | waiting for monitor thread to join
[0;39m[0;39mDEBUG   | requested to exit now
[0;39m
